2021-11-28 00:11:26.529  INFO 14892 --- [main] f.l.b.controllers.AuthControllerTest     : Starting AuthControllerTest using Java 17 on lianyongshengdeMacBook-Air.local with PID 14892 (started by lianyongsheng in /Users/lianyongsheng/IdeaProjects/blog-server)
2021-11-28 00:11:26.561  INFO 14892 --- [main] f.l.b.controllers.AuthControllerTest     : No active profile set, falling back to default profiles: default
2021-11-28 00:11:28.544  INFO 14892 --- [main] .s.d.r.c.RepositoryConfigurationDelegate : Multiple Spring Data modules found, entering strict repository configuration mode!
2021-11-28 00:11:28.548  INFO 14892 --- [main] .s.d.r.c.RepositoryConfigurationDelegate : Bootstrapping Spring Data Redis repositories in DEFAULT mode.
2021-11-28 00:11:28.593  INFO 14892 --- [main] .s.d.r.c.RepositoryConfigurationDelegate : Finished Spring Data repository scanning in 36 ms. Found 0 Redis repository interfaces.
2021-11-28 00:11:33.803  INFO 14892 --- [main] o.s.s.web.DefaultSecurityFilterChain     : Will secure any request with [org.springframework.security.web.context.request.async.WebAsyncManagerIntegrationFilter@5ce41f1f, org.springframework.security.web.context.SecurityContextPersistenceFilter@23b087c3, org.springframework.security.web.header.HeaderWriterFilter@20a116a0, org.springframework.web.filter.CorsFilter@56820446, fun.lianys.blogserver.config.JwtAuthenticationFilter@2259d54f, org.springframework.security.web.savedrequest.RequestCacheAwareFilter@3911fec8, org.springframework.security.web.servletapi.SecurityContextHolderAwareRequestFilter@20e9c165, org.springframework.security.web.authentication.AnonymousAuthenticationFilter@1b82f62a, org.springframework.security.web.session.SessionManagementFilter@5773f83d, org.springframework.security.web.access.ExceptionTranslationFilter@22c0344e]
2021-11-28 00:11:33.970  INFO 14892 --- [main] o.s.b.t.m.w.SpringBootMockServletContext : Initializing Spring TestDispatcherServlet ''
2021-11-28 00:11:33.970  INFO 14892 --- [main] o.s.t.web.servlet.TestDispatcherServlet  : Initializing Servlet ''
2021-11-28 00:11:33.971  INFO 14892 --- [main] o.s.t.web.servlet.TestDispatcherServlet  : Completed initialization in 1 ms
2021-11-28 00:11:35.020  INFO 14892 --- [main] f.l.b.controllers.AuthControllerTest     : Started AuthControllerTest in 9.237 seconds (JVM running for 10.683)
2021-11-28 00:11:35.475 ERROR 14892 --- [main] fun.lianys.blogserver.utils.JwtUtils     : Token 参数不存在
2021-11-28 00:12:58.662  INFO 14935 --- [main] f.l.b.controllers.AuthControllerTest     : Starting AuthControllerTest using Java 17 on lianyongshengdeMacBook-Air.local with PID 14935 (started by lianyongsheng in /Users/lianyongsheng/IdeaProjects/blog-server)
2021-11-28 00:12:58.668  INFO 14935 --- [main] f.l.b.controllers.AuthControllerTest     : No active profile set, falling back to default profiles: default
2021-11-28 00:13:00.544  INFO 14935 --- [main] .s.d.r.c.RepositoryConfigurationDelegate : Multiple Spring Data modules found, entering strict repository configuration mode!
2021-11-28 00:13:00.547  INFO 14935 --- [main] .s.d.r.c.RepositoryConfigurationDelegate : Bootstrapping Spring Data Redis repositories in DEFAULT mode.
2021-11-28 00:13:00.602  INFO 14935 --- [main] .s.d.r.c.RepositoryConfigurationDelegate : Finished Spring Data repository scanning in 45 ms. Found 0 Redis repository interfaces.
2021-11-28 00:13:05.784  INFO 14935 --- [main] o.s.s.web.DefaultSecurityFilterChain     : Will secure any request with [org.springframework.security.web.context.request.async.WebAsyncManagerIntegrationFilter@794f937a, org.springframework.security.web.context.SecurityContextPersistenceFilter@59d29065, org.springframework.security.web.header.HeaderWriterFilter@7cc3a7f7, org.springframework.web.filter.CorsFilter@7aa1fb0e, fun.lianys.blogserver.config.JwtAuthenticationFilter@5e663ab, org.springframework.security.web.savedrequest.RequestCacheAwareFilter@20a116a0, org.springframework.security.web.servletapi.SecurityContextHolderAwareRequestFilter@237c8718, org.springframework.security.web.authentication.AnonymousAuthenticationFilter@4b74a67a, org.springframework.security.web.session.SessionManagementFilter@43dddfdd, org.springframework.security.web.access.ExceptionTranslationFilter@40199d5e]
2021-11-28 00:13:05.945  INFO 14935 --- [main] o.s.b.t.m.w.SpringBootMockServletContext : Initializing Spring TestDispatcherServlet ''
2021-11-28 00:13:05.945  INFO 14935 --- [main] o.s.t.web.servlet.TestDispatcherServlet  : Initializing Servlet ''
2021-11-28 00:13:05.946  INFO 14935 --- [main] o.s.t.web.servlet.TestDispatcherServlet  : Completed initialization in 1 ms
2021-11-28 00:13:07.315  INFO 14935 --- [main] f.l.b.controllers.AuthControllerTest     : Started AuthControllerTest in 9.238 seconds (JVM running for 10.661)
2021-11-28 00:13:07.883 ERROR 14935 --- [main] fun.lianys.blogserver.utils.JwtUtils     : Token 参数不存在
2021-11-28 00:13:51.583  INFO 14974 --- [main] f.l.b.controllers.AuthControllerTest     : Starting AuthControllerTest using Java 17 on lianyongshengdeMacBook-Air.local with PID 14974 (started by lianyongsheng in /Users/lianyongsheng/IdeaProjects/blog-server)
2021-11-28 00:13:51.594  INFO 14974 --- [main] f.l.b.controllers.AuthControllerTest     : No active profile set, falling back to default profiles: default
2021-11-28 00:13:53.404  INFO 14974 --- [main] .s.d.r.c.RepositoryConfigurationDelegate : Multiple Spring Data modules found, entering strict repository configuration mode!
2021-11-28 00:13:53.406  INFO 14974 --- [main] .s.d.r.c.RepositoryConfigurationDelegate : Bootstrapping Spring Data Redis repositories in DEFAULT mode.
2021-11-28 00:13:53.455  INFO 14974 --- [main] .s.d.r.c.RepositoryConfigurationDelegate : Finished Spring Data repository scanning in 38 ms. Found 0 Redis repository interfaces.
2021-11-28 00:13:58.555  INFO 14974 --- [main] o.s.s.web.DefaultSecurityFilterChain     : Will secure any request with [org.springframework.security.web.context.request.async.WebAsyncManagerIntegrationFilter@4bcf08ae, org.springframework.security.web.context.SecurityContextPersistenceFilter@210e2f2f, org.springframework.security.web.header.HeaderWriterFilter@40199d5e, org.springframework.web.filter.CorsFilter@626b9092, fun.lianys.blogserver.config.JwtAuthenticationFilter@1ac2829e, org.springframework.security.web.savedrequest.RequestCacheAwareFilter@22c0344e, org.springframework.security.web.servletapi.SecurityContextHolderAwareRequestFilter@a238a8e, org.springframework.security.web.authentication.AnonymousAuthenticationFilter@7a7f2247, org.springframework.security.web.session.SessionManagementFilter@c6a3f47, org.springframework.security.web.access.ExceptionTranslationFilter@680937c9]
2021-11-28 00:13:58.697  INFO 14974 --- [main] o.s.b.t.m.w.SpringBootMockServletContext : Initializing Spring TestDispatcherServlet ''
2021-11-28 00:13:58.697  INFO 14974 --- [main] o.s.t.web.servlet.TestDispatcherServlet  : Initializing Servlet ''
2021-11-28 00:13:58.698  INFO 14974 --- [main] o.s.t.web.servlet.TestDispatcherServlet  : Completed initialization in 1 ms
2021-11-28 00:14:00.531  INFO 14974 --- [main] f.l.b.controllers.AuthControllerTest     : Started AuthControllerTest in 9.722 seconds (JVM running for 11.05)
2021-11-28 00:14:01.169 ERROR 14974 --- [main] fun.lianys.blogserver.utils.JwtUtils     : Token 参数不存在
2021-11-28 00:14:41.318  INFO 15086 --- [main] f.l.b.controllers.AuthControllerTest     : Starting AuthControllerTest using Java 17 on lianyongshengdeMacBook-Air.local with PID 15086 (started by lianyongsheng in /Users/lianyongsheng/IdeaProjects/blog-server)
2021-11-28 00:14:41.330  INFO 15086 --- [main] f.l.b.controllers.AuthControllerTest     : No active profile set, falling back to default profiles: default
2021-11-28 00:14:43.245  INFO 15086 --- [main] .s.d.r.c.RepositoryConfigurationDelegate : Multiple Spring Data modules found, entering strict repository configuration mode!
2021-11-28 00:14:43.248  INFO 15086 --- [main] .s.d.r.c.RepositoryConfigurationDelegate : Bootstrapping Spring Data Redis repositories in DEFAULT mode.
2021-11-28 00:14:43.294  INFO 15086 --- [main] .s.d.r.c.RepositoryConfigurationDelegate : Finished Spring Data repository scanning in 36 ms. Found 0 Redis repository interfaces.
2021-11-28 00:14:48.595  INFO 15086 --- [main] o.s.s.web.DefaultSecurityFilterChain     : Will secure any request with [org.springframework.security.web.context.request.async.WebAsyncManagerIntegrationFilter@7aa1fb0e, org.springframework.security.web.context.SecurityContextPersistenceFilter@7a13ad55, org.springframework.security.web.header.HeaderWriterFilter@210e2f2f, org.springframework.web.filter.CorsFilter@5e663ab, fun.lianys.blogserver.config.JwtAuthenticationFilter@4b74a67a, org.springframework.security.web.savedrequest.RequestCacheAwareFilter@6dbdeb69, org.springframework.security.web.servletapi.SecurityContextHolderAwareRequestFilter@325e03b, org.springframework.security.web.authentication.AnonymousAuthenticationFilter@4e25282d, org.springframework.security.web.session.SessionManagementFilter@22c0344e, org.springframework.security.web.access.ExceptionTranslationFilter@5693d1d2]
2021-11-28 00:14:48.887  INFO 15086 --- [main] o.s.b.t.m.w.SpringBootMockServletContext : Initializing Spring TestDispatcherServlet ''
2021-11-28 00:14:48.888  INFO 15086 --- [main] o.s.t.web.servlet.TestDispatcherServlet  : Initializing Servlet ''
2021-11-28 00:14:48.890  INFO 15086 --- [main] o.s.t.web.servlet.TestDispatcherServlet  : Completed initialization in 1 ms
2021-11-28 00:14:50.380  INFO 15086 --- [main] f.l.b.controllers.AuthControllerTest     : Started AuthControllerTest in 9.642 seconds (JVM running for 10.981)
2021-11-28 00:14:50.853 ERROR 15086 --- [main] fun.lianys.blogserver.utils.JwtUtils     : Token 参数不存在
2021-11-28 00:16:12.833  INFO 15172 --- [main] f.l.b.controllers.AuthControllerTest     : Starting AuthControllerTest using Java 17 on lianyongshengdeMacBook-Air.local with PID 15172 (started by lianyongsheng in /Users/lianyongsheng/IdeaProjects/blog-server)
2021-11-28 00:16:12.842  INFO 15172 --- [main] f.l.b.controllers.AuthControllerTest     : No active profile set, falling back to default profiles: default
2021-11-28 00:16:14.702  INFO 15172 --- [main] .s.d.r.c.RepositoryConfigurationDelegate : Multiple Spring Data modules found, entering strict repository configuration mode!
2021-11-28 00:16:14.705  INFO 15172 --- [main] .s.d.r.c.RepositoryConfigurationDelegate : Bootstrapping Spring Data Redis repositories in DEFAULT mode.
2021-11-28 00:16:14.752  INFO 15172 --- [main] .s.d.r.c.RepositoryConfigurationDelegate : Finished Spring Data repository scanning in 34 ms. Found 0 Redis repository interfaces.
2021-11-28 00:16:20.311  INFO 15172 --- [main] o.s.s.web.DefaultSecurityFilterChain     : Will secure any request with [org.springframework.security.web.context.request.async.WebAsyncManagerIntegrationFilter@d641499, org.springframework.security.web.context.SecurityContextPersistenceFilter@5773f83d, org.springframework.security.web.header.HeaderWriterFilter@745c8a04, org.springframework.web.filter.CorsFilter@634d3439, fun.lianys.blogserver.config.JwtAuthenticationFilter@44e0c3d, org.springframework.security.web.savedrequest.RequestCacheAwareFilter@6b4a2887, org.springframework.security.web.servletapi.SecurityContextHolderAwareRequestFilter@43e2b8da, org.springframework.security.web.authentication.AnonymousAuthenticationFilter@71891d6b, org.springframework.security.web.session.SessionManagementFilter@303db609, org.springframework.security.web.access.ExceptionTranslationFilter@7cc3a7f7]
2021-11-28 00:16:20.517  INFO 15172 --- [main] o.s.b.t.m.w.SpringBootMockServletContext : Initializing Spring TestDispatcherServlet ''
2021-11-28 00:16:20.517  INFO 15172 --- [main] o.s.t.web.servlet.TestDispatcherServlet  : Initializing Servlet ''
2021-11-28 00:16:20.518  INFO 15172 --- [main] o.s.t.web.servlet.TestDispatcherServlet  : Completed initialization in 1 ms
2021-11-28 00:16:22.034  INFO 15172 --- [main] f.l.b.controllers.AuthControllerTest     : Started AuthControllerTest in 9.973 seconds (JVM running for 11.352)
2021-11-28 00:16:22.596 ERROR 15172 --- [main] fun.lianys.blogserver.utils.JwtUtils     : Token 参数不存在
2021-11-28 00:16:36.294  INFO 15187 --- [main] f.l.b.controllers.AuthControllerTest     : Starting AuthControllerTest using Java 17 on lianyongshengdeMacBook-Air.local with PID 15187 (started by lianyongsheng in /Users/lianyongsheng/IdeaProjects/blog-server)
2021-11-28 00:16:36.299  INFO 15187 --- [main] f.l.b.controllers.AuthControllerTest     : No active profile set, falling back to default profiles: default
2021-11-28 00:16:38.156  INFO 15187 --- [main] .s.d.r.c.RepositoryConfigurationDelegate : Multiple Spring Data modules found, entering strict repository configuration mode!
2021-11-28 00:16:38.159  INFO 15187 --- [main] .s.d.r.c.RepositoryConfigurationDelegate : Bootstrapping Spring Data Redis repositories in DEFAULT mode.
2021-11-28 00:16:38.207  INFO 15187 --- [main] .s.d.r.c.RepositoryConfigurationDelegate : Finished Spring Data repository scanning in 37 ms. Found 0 Redis repository interfaces.
2021-11-28 00:16:42.735  INFO 15187 --- [main] o.s.s.web.DefaultSecurityFilterChain     : Will secure any request with [org.springframework.security.web.context.request.async.WebAsyncManagerIntegrationFilter@4946dfde, org.springframework.security.web.context.SecurityContextPersistenceFilter@7267006e, org.springframework.security.web.header.HeaderWriterFilter@15a0f9, org.springframework.web.filter.CorsFilter@77972964, fun.lianys.blogserver.config.JwtAuthenticationFilter@794f937a, org.springframework.security.web.savedrequest.RequestCacheAwareFilter@7a13ad55, org.springframework.security.web.servletapi.SecurityContextHolderAwareRequestFilter@6b4a2887, org.springframework.security.web.authentication.AnonymousAuthenticationFilter@7aa1fb0e, org.springframework.security.web.session.SessionManagementFilter@210e2f2f, org.springframework.security.web.access.ExceptionTranslationFilter@608c2042]
2021-11-28 00:16:42.866  INFO 15187 --- [main] o.s.b.t.m.w.SpringBootMockServletContext : Initializing Spring TestDispatcherServlet ''
2021-11-28 00:16:42.867  INFO 15187 --- [main] o.s.t.web.servlet.TestDispatcherServlet  : Initializing Servlet ''
2021-11-28 00:16:42.868  INFO 15187 --- [main] o.s.t.web.servlet.TestDispatcherServlet  : Completed initialization in 1 ms
2021-11-28 00:16:43.969  INFO 15187 --- [main] f.l.b.controllers.AuthControllerTest     : Started AuthControllerTest in 8.273 seconds (JVM running for 9.649)
2021-11-28 00:16:44.425 ERROR 15187 --- [main] fun.lianys.blogserver.utils.JwtUtils     : Token 参数不存在
2021-11-28 00:21:39.473  INFO 15308 --- [main] f.l.b.controllers.AuthControllerTest     : Starting AuthControllerTest using Java 17 on lianyongshengdeMacBook-Air.local with PID 15308 (started by lianyongsheng in /Users/lianyongsheng/IdeaProjects/blog-server)
2021-11-28 00:21:39.487  INFO 15308 --- [main] f.l.b.controllers.AuthControllerTest     : No active profile set, falling back to default profiles: default
2021-11-28 00:21:41.356  INFO 15308 --- [main] .s.d.r.c.RepositoryConfigurationDelegate : Multiple Spring Data modules found, entering strict repository configuration mode!
2021-11-28 00:21:41.359  INFO 15308 --- [main] .s.d.r.c.RepositoryConfigurationDelegate : Bootstrapping Spring Data Redis repositories in DEFAULT mode.
2021-11-28 00:21:41.410  INFO 15308 --- [main] .s.d.r.c.RepositoryConfigurationDelegate : Finished Spring Data repository scanning in 38 ms. Found 0 Redis repository interfaces.
2021-11-28 00:21:46.017  INFO 15308 --- [main] o.s.s.web.DefaultSecurityFilterChain     : Will secure any request with [org.springframework.security.web.context.request.async.WebAsyncManagerIntegrationFilter@626b9092, org.springframework.security.web.context.SecurityContextPersistenceFilter@c31419f, org.springframework.security.web.header.HeaderWriterFilter@5693d1d2, org.springframework.web.filter.CorsFilter@1ac2829e, fun.lianys.blogserver.config.JwtAuthenticationFilter@7a7f2247, org.springframework.security.web.savedrequest.RequestCacheAwareFilter@7267006e, org.springframework.security.web.servletapi.SecurityContextHolderAwareRequestFilter@5773f83d, org.springframework.security.web.authentication.AnonymousAuthenticationFilter@4946dfde, org.springframework.security.web.session.SessionManagementFilter@15a0f9, org.springframework.security.web.access.ExceptionTranslationFilter@77ad2767]
2021-11-28 00:21:46.291  INFO 15308 --- [main] o.s.b.t.m.w.SpringBootMockServletContext : Initializing Spring TestDispatcherServlet ''
2021-11-28 00:21:46.292  INFO 15308 --- [main] o.s.t.web.servlet.TestDispatcherServlet  : Initializing Servlet ''
2021-11-28 00:21:46.293  INFO 15308 --- [main] o.s.t.web.servlet.TestDispatcherServlet  : Completed initialization in 1 ms
2021-11-28 00:21:47.617  INFO 15308 --- [main] f.l.b.controllers.AuthControllerTest     : Started AuthControllerTest in 8.853 seconds (JVM running for 10.251)
2021-11-28 00:21:48.130 ERROR 15308 --- [main] fun.lianys.blogserver.utils.JwtUtils     : Token 参数不存在
2021-11-28 00:26:28.700  INFO 15482 --- [main] f.l.b.controllers.AuthControllerTest     : Starting AuthControllerTest using Java 17 on lianyongshengdeMacBook-Air.local with PID 15482 (started by lianyongsheng in /Users/lianyongsheng/IdeaProjects/blog-server)
2021-11-28 00:26:28.707  INFO 15482 --- [main] f.l.b.controllers.AuthControllerTest     : No active profile set, falling back to default profiles: default
2021-11-28 00:26:30.541  INFO 15482 --- [main] .s.d.r.c.RepositoryConfigurationDelegate : Multiple Spring Data modules found, entering strict repository configuration mode!
2021-11-28 00:26:30.544  INFO 15482 --- [main] .s.d.r.c.RepositoryConfigurationDelegate : Bootstrapping Spring Data Redis repositories in DEFAULT mode.
2021-11-28 00:26:30.602  INFO 15482 --- [main] .s.d.r.c.RepositoryConfigurationDelegate : Finished Spring Data repository scanning in 47 ms. Found 0 Redis repository interfaces.
2021-11-28 00:26:35.608  INFO 15482 --- [main] o.s.s.web.DefaultSecurityFilterChain     : Will secure any request with [org.springframework.security.web.context.request.async.WebAsyncManagerIntegrationFilter@d641499, org.springframework.security.web.context.SecurityContextPersistenceFilter@5773f83d, org.springframework.security.web.header.HeaderWriterFilter@745c8a04, org.springframework.web.filter.CorsFilter@634d3439, fun.lianys.blogserver.config.JwtAuthenticationFilter@44e0c3d, org.springframework.security.web.savedrequest.RequestCacheAwareFilter@6b4a2887, org.springframework.security.web.servletapi.SecurityContextHolderAwareRequestFilter@43e2b8da, org.springframework.security.web.authentication.AnonymousAuthenticationFilter@71891d6b, org.springframework.security.web.session.SessionManagementFilter@303db609, org.springframework.security.web.access.ExceptionTranslationFilter@7cc3a7f7]
2021-11-28 00:26:35.780  INFO 15482 --- [main] o.s.b.t.m.w.SpringBootMockServletContext : Initializing Spring TestDispatcherServlet ''
2021-11-28 00:26:35.780  INFO 15482 --- [main] o.s.t.web.servlet.TestDispatcherServlet  : Initializing Servlet ''
2021-11-28 00:26:35.786  INFO 15482 --- [main] o.s.t.web.servlet.TestDispatcherServlet  : Completed initialization in 6 ms
2021-11-28 00:26:36.975  INFO 15482 --- [main] f.l.b.controllers.AuthControllerTest     : Started AuthControllerTest in 9.106 seconds (JVM running for 10.549)
2021-11-28 00:26:37.561 ERROR 15482 --- [main] fun.lianys.blogserver.utils.JwtUtils     : Token 参数不存在
2021-11-28 00:28:27.247  INFO 15543 --- [main] f.l.b.controllers.AuthControllerTest     : Starting AuthControllerTest using Java 17 on lianyongshengdeMacBook-Air.local with PID 15543 (started by lianyongsheng in /Users/lianyongsheng/IdeaProjects/blog-server)
2021-11-28 00:28:27.259  INFO 15543 --- [main] f.l.b.controllers.AuthControllerTest     : No active profile set, falling back to default profiles: default
2021-11-28 00:28:29.115  INFO 15543 --- [main] .s.d.r.c.RepositoryConfigurationDelegate : Multiple Spring Data modules found, entering strict repository configuration mode!
2021-11-28 00:28:29.118  INFO 15543 --- [main] .s.d.r.c.RepositoryConfigurationDelegate : Bootstrapping Spring Data Redis repositories in DEFAULT mode.
2021-11-28 00:28:29.167  INFO 15543 --- [main] .s.d.r.c.RepositoryConfigurationDelegate : Finished Spring Data repository scanning in 39 ms. Found 0 Redis repository interfaces.
2021-11-28 00:28:33.920  INFO 15543 --- [main] o.s.s.web.DefaultSecurityFilterChain     : Will secure any request with [org.springframework.security.web.context.request.async.WebAsyncManagerIntegrationFilter@152dbf8e, org.springframework.security.web.context.SecurityContextPersistenceFilter@4840ec68, org.springframework.security.web.header.HeaderWriterFilter@608c2042, org.springframework.web.filter.CorsFilter@34ea86ff, fun.lianys.blogserver.config.JwtAuthenticationFilter@4bcf08ae, org.springframework.security.web.savedrequest.RequestCacheAwareFilter@c31419f, org.springframework.security.web.servletapi.SecurityContextHolderAwareRequestFilter@20a116a0, org.springframework.security.web.authentication.AnonymousAuthenticationFilter@626b9092, org.springframework.security.web.session.SessionManagementFilter@5693d1d2, org.springframework.security.web.access.ExceptionTranslationFilter@9ae0794]
2021-11-28 00:28:34.077  INFO 15543 --- [main] o.s.b.t.m.w.SpringBootMockServletContext : Initializing Spring TestDispatcherServlet ''
2021-11-28 00:28:34.077  INFO 15543 --- [main] o.s.t.web.servlet.TestDispatcherServlet  : Initializing Servlet ''
2021-11-28 00:28:34.079  INFO 15543 --- [main] o.s.t.web.servlet.TestDispatcherServlet  : Completed initialization in 2 ms
2021-11-28 00:28:35.227  INFO 15543 --- [main] f.l.b.controllers.AuthControllerTest     : Started AuthControllerTest in 8.568 seconds (JVM running for 9.994)
2021-11-28 00:28:35.697 ERROR 15543 --- [main] fun.lianys.blogserver.utils.JwtUtils     : Token 参数不存在
2021-11-28 00:28:59.638  INFO 15572 --- [main] f.l.b.controllers.AuthControllerTest     : Starting AuthControllerTest using Java 17 on lianyongshengdeMacBook-Air.local with PID 15572 (started by lianyongsheng in /Users/lianyongsheng/IdeaProjects/blog-server)
2021-11-28 00:28:59.652  INFO 15572 --- [main] f.l.b.controllers.AuthControllerTest     : No active profile set, falling back to default profiles: default
2021-11-28 00:29:01.473  INFO 15572 --- [main] .s.d.r.c.RepositoryConfigurationDelegate : Multiple Spring Data modules found, entering strict repository configuration mode!
2021-11-28 00:29:01.476  INFO 15572 --- [main] .s.d.r.c.RepositoryConfigurationDelegate : Bootstrapping Spring Data Redis repositories in DEFAULT mode.
2021-11-28 00:29:01.523  INFO 15572 --- [main] .s.d.r.c.RepositoryConfigurationDelegate : Finished Spring Data repository scanning in 37 ms. Found 0 Redis repository interfaces.
2021-11-28 00:29:06.426  INFO 15572 --- [main] o.s.s.web.DefaultSecurityFilterChain     : Will secure any request with [org.springframework.security.web.context.request.async.WebAsyncManagerIntegrationFilter@772bc4c9, org.springframework.security.web.context.SecurityContextPersistenceFilter@15a0f9, org.springframework.security.web.header.HeaderWriterFilter@411ae0d7, org.springframework.web.filter.CorsFilter@152dbf8e, fun.lianys.blogserver.config.JwtAuthenticationFilter@34ea86ff, org.springframework.security.web.savedrequest.RequestCacheAwareFilter@210e2f2f, org.springframework.security.web.servletapi.SecurityContextHolderAwareRequestFilter@303db609, org.springframework.security.web.authentication.AnonymousAuthenticationFilter@4bcf08ae, org.springframework.security.web.session.SessionManagementFilter@40199d5e, org.springframework.security.web.access.ExceptionTranslationFilter@644f6e89]
2021-11-28 00:29:06.598  INFO 15572 --- [main] o.s.b.t.m.w.SpringBootMockServletContext : Initializing Spring TestDispatcherServlet ''
2021-11-28 00:29:06.598  INFO 15572 --- [main] o.s.t.web.servlet.TestDispatcherServlet  : Initializing Servlet ''
2021-11-28 00:29:06.599  INFO 15572 --- [main] o.s.t.web.servlet.TestDispatcherServlet  : Completed initialization in 1 ms
2021-11-28 00:29:07.711  INFO 15572 --- [main] f.l.b.controllers.AuthControllerTest     : Started AuthControllerTest in 8.626 seconds (JVM running for 9.924)
2021-11-28 00:29:08.264 ERROR 15572 --- [main] f.l.b.handler.MyExceptionHandler         : 【Exception】:JSON parse error: Unexpected character ('u' (code 117)): was expecting double-quote to start field name; nested exception is com.fasterxml.jackson.core.JsonParseException: Unexpected character ('u' (code 117)): was expecting double-quote to start field name
 at [Source: (PushbackInputStream); line: 1, column: 3]
2021-11-28 00:38:17.364  INFO 16049 --- [main] f.l.b.controllers.AuthControllerTest     : Starting AuthControllerTest using Java 17 on lianyongshengdeMacBook-Air.local with PID 16049 (started by lianyongsheng in /Users/lianyongsheng/IdeaProjects/blog-server)
2021-11-28 00:38:17.375  INFO 16049 --- [main] f.l.b.controllers.AuthControllerTest     : No active profile set, falling back to default profiles: default
2021-11-28 00:38:19.245  INFO 16049 --- [main] .s.d.r.c.RepositoryConfigurationDelegate : Multiple Spring Data modules found, entering strict repository configuration mode!
2021-11-28 00:38:19.248  INFO 16049 --- [main] .s.d.r.c.RepositoryConfigurationDelegate : Bootstrapping Spring Data Redis repositories in DEFAULT mode.
2021-11-28 00:38:19.296  INFO 16049 --- [main] .s.d.r.c.RepositoryConfigurationDelegate : Finished Spring Data repository scanning in 36 ms. Found 0 Redis repository interfaces.
2021-11-28 00:38:23.932  INFO 16049 --- [main] o.s.s.web.DefaultSecurityFilterChain     : Will secure any request with [org.springframework.security.web.context.request.async.WebAsyncManagerIntegrationFilter@44e0c3d, org.springframework.security.web.context.SecurityContextPersistenceFilter@7d2baa56, org.springframework.security.web.header.HeaderWriterFilter@7a13ad55, org.springframework.web.filter.CorsFilter@71891d6b, fun.lianys.blogserver.config.JwtAuthenticationFilter@5ce41f1f, org.springframework.security.web.savedrequest.RequestCacheAwareFilter@237c8718, org.springframework.security.web.servletapi.SecurityContextHolderAwareRequestFilter@1c3a64b6, org.springframework.security.web.authentication.AnonymousAuthenticationFilter@56820446, org.springframework.security.web.session.SessionManagementFilter@6dbdeb69, org.springframework.security.web.access.ExceptionTranslationFilter@c31419f]
2021-11-28 00:38:24.060  INFO 16049 --- [main] o.s.b.t.m.w.SpringBootMockServletContext : Initializing Spring TestDispatcherServlet ''
2021-11-28 00:38:24.060  INFO 16049 --- [main] o.s.t.web.servlet.TestDispatcherServlet  : Initializing Servlet ''
2021-11-28 00:38:24.061  INFO 16049 --- [main] o.s.t.web.servlet.TestDispatcherServlet  : Completed initialization in 1 ms
2021-11-28 00:38:25.034  INFO 16049 --- [main] f.l.b.controllers.AuthControllerTest     : Started AuthControllerTest in 8.228 seconds (JVM running for 9.736)
2021-11-28 00:38:25.937  INFO 16049 --- [main] com.zaxxer.hikari.HikariDataSource       : HikariPool-1 - Starting...
2021-11-28 00:38:26.319  INFO 16049 --- [main] com.zaxxer.hikari.HikariDataSource       : HikariPool-1 - Start completed.
2021-11-28 00:38:26.816  INFO 16049 --- [SpringApplicationShutdownHook] com.zaxxer.hikari.HikariDataSource       : HikariPool-1 - Shutdown initiated...
2021-11-28 00:38:26.833  INFO 16049 --- [SpringApplicationShutdownHook] com.zaxxer.hikari.HikariDataSource       : HikariPool-1 - Shutdown completed.
2021-11-28 00:39:20.446  INFO 16079 --- [main] f.l.b.controllers.AuthControllerTest     : Starting AuthControllerTest using Java 17 on lianyongshengdeMacBook-Air.local with PID 16079 (started by lianyongsheng in /Users/lianyongsheng/IdeaProjects/blog-server)
2021-11-28 00:39:20.457  INFO 16079 --- [main] f.l.b.controllers.AuthControllerTest     : No active profile set, falling back to default profiles: default
2021-11-28 00:39:22.340  INFO 16079 --- [main] .s.d.r.c.RepositoryConfigurationDelegate : Multiple Spring Data modules found, entering strict repository configuration mode!
2021-11-28 00:39:22.343  INFO 16079 --- [main] .s.d.r.c.RepositoryConfigurationDelegate : Bootstrapping Spring Data Redis repositories in DEFAULT mode.
2021-11-28 00:39:22.402  INFO 16079 --- [main] .s.d.r.c.RepositoryConfigurationDelegate : Finished Spring Data repository scanning in 42 ms. Found 0 Redis repository interfaces.
2021-11-28 00:39:27.064  INFO 16079 --- [main] o.s.s.web.DefaultSecurityFilterChain     : Will secure any request with [org.springframework.security.web.context.request.async.WebAsyncManagerIntegrationFilter@4b74a67a, org.springframework.security.web.context.SecurityContextPersistenceFilter@20a116a0, org.springframework.security.web.header.HeaderWriterFilter@43dddfdd, org.springframework.web.filter.CorsFilter@4e25282d, fun.lianys.blogserver.config.JwtAuthenticationFilter@3b29d36c, org.springframework.security.web.savedrequest.RequestCacheAwareFilter@5773f83d, org.springframework.security.web.servletapi.SecurityContextHolderAwareRequestFilter@1e38e8b6, org.springframework.security.web.authentication.AnonymousAuthenticationFilter@d641499, org.springframework.security.web.session.SessionManagementFilter@745c8a04, org.springframework.security.web.access.ExceptionTranslationFilter@c6a3f47]
2021-11-28 00:39:27.207  INFO 16079 --- [main] o.s.b.t.m.w.SpringBootMockServletContext : Initializing Spring TestDispatcherServlet ''
2021-11-28 00:39:27.207  INFO 16079 --- [main] o.s.t.web.servlet.TestDispatcherServlet  : Initializing Servlet ''
2021-11-28 00:39:27.208  INFO 16079 --- [main] o.s.t.web.servlet.TestDispatcherServlet  : Completed initialization in 1 ms
2021-11-28 00:39:28.321  INFO 16079 --- [main] f.l.b.controllers.AuthControllerTest     : Started AuthControllerTest in 8.443 seconds (JVM running for 9.916)
2021-11-28 00:39:29.221  INFO 16079 --- [main] com.zaxxer.hikari.HikariDataSource       : HikariPool-1 - Starting...
2021-11-28 00:39:29.527  INFO 16079 --- [main] com.zaxxer.hikari.HikariDataSource       : HikariPool-1 - Start completed.
2021-11-28 00:39:46.784  INFO 16094 --- [main] f.l.b.controllers.AuthControllerTest     : Starting AuthControllerTest using Java 17 on lianyongshengdeMacBook-Air.local with PID 16094 (started by lianyongsheng in /Users/lianyongsheng/IdeaProjects/blog-server)
2021-11-28 00:39:46.809  INFO 16094 --- [main] f.l.b.controllers.AuthControllerTest     : No active profile set, falling back to default profiles: default
2021-11-28 00:39:48.885  INFO 16094 --- [main] .s.d.r.c.RepositoryConfigurationDelegate : Multiple Spring Data modules found, entering strict repository configuration mode!
2021-11-28 00:39:48.887  INFO 16094 --- [main] .s.d.r.c.RepositoryConfigurationDelegate : Bootstrapping Spring Data Redis repositories in DEFAULT mode.
2021-11-28 00:39:48.941  INFO 16094 --- [main] .s.d.r.c.RepositoryConfigurationDelegate : Finished Spring Data repository scanning in 43 ms. Found 0 Redis repository interfaces.
2021-11-28 00:39:54.565  INFO 16094 --- [main] o.s.s.web.DefaultSecurityFilterChain     : Will secure any request with [org.springframework.security.web.context.request.async.WebAsyncManagerIntegrationFilter@4946dfde, org.springframework.security.web.context.SecurityContextPersistenceFilter@7267006e, org.springframework.security.web.header.HeaderWriterFilter@15a0f9, org.springframework.web.filter.CorsFilter@77972964, fun.lianys.blogserver.config.JwtAuthenticationFilter@794f937a, org.springframework.security.web.savedrequest.RequestCacheAwareFilter@7a13ad55, org.springframework.security.web.servletapi.SecurityContextHolderAwareRequestFilter@6b4a2887, org.springframework.security.web.authentication.AnonymousAuthenticationFilter@7aa1fb0e, org.springframework.security.web.session.SessionManagementFilter@210e2f2f, org.springframework.security.web.access.ExceptionTranslationFilter@608c2042]
2021-11-28 00:39:54.731  INFO 16094 --- [main] o.s.b.t.m.w.SpringBootMockServletContext : Initializing Spring TestDispatcherServlet ''
2021-11-28 00:39:54.732  INFO 16094 --- [main] o.s.t.web.servlet.TestDispatcherServlet  : Initializing Servlet ''
2021-11-28 00:39:54.733  INFO 16094 --- [main] o.s.t.web.servlet.TestDispatcherServlet  : Completed initialization in 1 ms
2021-11-28 00:39:56.281  INFO 16094 --- [main] f.l.b.controllers.AuthControllerTest     : Started AuthControllerTest in 10.112 seconds (JVM running for 11.645)
2021-11-28 00:39:57.154  INFO 16094 --- [main] com.zaxxer.hikari.HikariDataSource       : HikariPool-1 - Starting...
2021-11-28 00:39:57.487  INFO 16094 --- [main] com.zaxxer.hikari.HikariDataSource       : HikariPool-1 - Start completed.
2021-11-28 00:41:19.142 ERROR 16079 --- [main] f.l.b.handler.MyExceptionHandler         : 【Exception】:Handler dispatch failed; nested exception is java.lang.StackOverflowError
2021-11-28 00:41:19.396  INFO 16079 --- [SpringApplicationShutdownHook] com.zaxxer.hikari.HikariDataSource       : HikariPool-1 - Shutdown initiated...
2021-11-28 00:41:19.417  INFO 16079 --- [SpringApplicationShutdownHook] com.zaxxer.hikari.HikariDataSource       : HikariPool-1 - Shutdown completed.
2021-11-28 00:41:49.200 ERROR 16094 --- [main] f.l.b.handler.MyExceptionHandler         : 【Exception】:Handler dispatch failed; nested exception is java.lang.StackOverflowError
2021-11-28 00:41:49.370  INFO 16094 --- [SpringApplicationShutdownHook] com.zaxxer.hikari.HikariDataSource       : HikariPool-1 - Shutdown initiated...
2021-11-28 00:41:49.388  INFO 16094 --- [SpringApplicationShutdownHook] com.zaxxer.hikari.HikariDataSource       : HikariPool-1 - Shutdown completed.
2021-11-28 00:42:32.876  INFO 16177 --- [main] f.l.b.controllers.AuthControllerTest     : Starting AuthControllerTest using Java 17 on lianyongshengdeMacBook-Air.local with PID 16177 (started by lianyongsheng in /Users/lianyongsheng/IdeaProjects/blog-server)
2021-11-28 00:42:32.887  INFO 16177 --- [main] f.l.b.controllers.AuthControllerTest     : No active profile set, falling back to default profiles: default
2021-11-28 00:42:34.675  INFO 16177 --- [main] .s.d.r.c.RepositoryConfigurationDelegate : Multiple Spring Data modules found, entering strict repository configuration mode!
2021-11-28 00:42:34.678  INFO 16177 --- [main] .s.d.r.c.RepositoryConfigurationDelegate : Bootstrapping Spring Data Redis repositories in DEFAULT mode.
2021-11-28 00:42:34.730  INFO 16177 --- [main] .s.d.r.c.RepositoryConfigurationDelegate : Finished Spring Data repository scanning in 41 ms. Found 0 Redis repository interfaces.
2021-11-28 00:42:39.443  INFO 16177 --- [main] o.s.s.web.DefaultSecurityFilterChain     : Will secure any request with [org.springframework.security.web.context.request.async.WebAsyncManagerIntegrationFilter@34ea86ff, org.springframework.security.web.context.SecurityContextPersistenceFilter@7cc3a7f7, org.springframework.security.web.header.HeaderWriterFilter@7e84a52b, org.springframework.web.filter.CorsFilter@4bcf08ae, fun.lianys.blogserver.config.JwtAuthenticationFilter@626b9092, org.springframework.security.web.savedrequest.RequestCacheAwareFilter@43dddfdd, org.springframework.security.web.servletapi.SecurityContextHolderAwareRequestFilter@6dbdeb69, org.springframework.security.web.authentication.AnonymousAuthenticationFilter@1ac2829e, org.springframework.security.web.session.SessionManagementFilter@571c7572, org.springframework.security.web.access.ExceptionTranslationFilter@60e5eed0]
2021-11-28 00:42:39.705  INFO 16177 --- [main] o.s.b.t.m.w.SpringBootMockServletContext : Initializing Spring TestDispatcherServlet ''
2021-11-28 00:42:39.706  INFO 16177 --- [main] o.s.t.web.servlet.TestDispatcherServlet  : Initializing Servlet ''
2021-11-28 00:42:39.708  INFO 16177 --- [main] o.s.t.web.servlet.TestDispatcherServlet  : Completed initialization in 2 ms
2021-11-28 00:42:41.210  INFO 16177 --- [main] f.l.b.controllers.AuthControllerTest     : Started AuthControllerTest in 9.14 seconds (JVM running for 10.567)
2021-11-28 00:42:42.014  INFO 16177 --- [main] com.zaxxer.hikari.HikariDataSource       : HikariPool-1 - Starting...
2021-11-28 00:42:42.371  INFO 16177 --- [main] com.zaxxer.hikari.HikariDataSource       : HikariPool-1 - Start completed.
2021-11-28 00:42:56.463  INFO 16177 --- [SpringApplicationShutdownHook] com.zaxxer.hikari.HikariDataSource       : HikariPool-1 - Shutdown initiated...
2021-11-28 00:42:56.499  INFO 16177 --- [SpringApplicationShutdownHook] com.zaxxer.hikari.HikariDataSource       : HikariPool-1 - Shutdown completed.
2021-11-28 00:45:57.049  INFO 16309 --- [main] f.l.b.controllers.AuthControllerTest     : Starting AuthControllerTest using Java 17 on lianyongshengdeMacBook-Air.local with PID 16309 (started by lianyongsheng in /Users/lianyongsheng/IdeaProjects/blog-server)
2021-11-28 00:45:57.059  INFO 16309 --- [main] f.l.b.controllers.AuthControllerTest     : No active profile set, falling back to default profiles: default
2021-11-28 00:45:58.881  INFO 16309 --- [main] .s.d.r.c.RepositoryConfigurationDelegate : Multiple Spring Data modules found, entering strict repository configuration mode!
2021-11-28 00:45:58.884  INFO 16309 --- [main] .s.d.r.c.RepositoryConfigurationDelegate : Bootstrapping Spring Data Redis repositories in DEFAULT mode.
2021-11-28 00:45:58.932  INFO 16309 --- [main] .s.d.r.c.RepositoryConfigurationDelegate : Finished Spring Data repository scanning in 36 ms. Found 0 Redis repository interfaces.
2021-11-28 00:46:03.700  INFO 16309 --- [main] o.s.s.web.DefaultSecurityFilterChain     : Will secure any request with [org.springframework.security.web.context.request.async.WebAsyncManagerIntegrationFilter@1ac68548, org.springframework.security.web.context.SecurityContextPersistenceFilter@7533923b, org.springframework.security.web.header.HeaderWriterFilter@4a0c04ab, org.springframework.web.filter.CorsFilter@1c3a64b6, fun.lianys.blogserver.config.JwtAuthenticationFilter@761b9314, org.springframework.security.web.savedrequest.RequestCacheAwareFilter@9ae0794, org.springframework.security.web.servletapi.SecurityContextHolderAwareRequestFilter@40199d5e, org.springframework.security.web.authentication.AnonymousAuthenticationFilter@20e9c165, org.springframework.security.web.session.SessionManagementFilter@779ef5cb, org.springframework.security.web.access.ExceptionTranslationFilter@f252762]
2021-11-28 00:46:03.951  INFO 16309 --- [main] o.s.b.t.m.w.SpringBootMockServletContext : Initializing Spring TestDispatcherServlet ''
2021-11-28 00:46:03.952  INFO 16309 --- [main] o.s.t.web.servlet.TestDispatcherServlet  : Initializing Servlet ''
2021-11-28 00:46:03.954  INFO 16309 --- [main] o.s.t.web.servlet.TestDispatcherServlet  : Completed initialization in 1 ms
2021-11-28 00:46:05.103  INFO 16309 --- [main] f.l.b.controllers.AuthControllerTest     : Started AuthControllerTest in 8.861 seconds (JVM running for 10.287)
2021-11-28 00:46:06.011  INFO 16309 --- [main] com.zaxxer.hikari.HikariDataSource       : HikariPool-1 - Starting...
2021-11-28 00:46:06.383  INFO 16309 --- [main] com.zaxxer.hikari.HikariDataSource       : HikariPool-1 - Start completed.
2021-11-28 00:46:20.298  INFO 16309 --- [SpringApplicationShutdownHook] com.zaxxer.hikari.HikariDataSource       : HikariPool-1 - Shutdown initiated...
2021-11-28 00:46:20.318  INFO 16309 --- [SpringApplicationShutdownHook] com.zaxxer.hikari.HikariDataSource       : HikariPool-1 - Shutdown completed.
2021-11-28 00:49:18.939  INFO 16436 --- [main] f.l.b.controllers.AuthControllerTest     : Starting AuthControllerTest using Java 17 on lianyongshengdeMacBook-Air.local with PID 16436 (started by lianyongsheng in /Users/lianyongsheng/IdeaProjects/blog-server)
2021-11-28 00:49:18.949  INFO 16436 --- [main] f.l.b.controllers.AuthControllerTest     : No active profile set, falling back to default profiles: default
2021-11-28 00:49:20.765  INFO 16436 --- [main] .s.d.r.c.RepositoryConfigurationDelegate : Multiple Spring Data modules found, entering strict repository configuration mode!
2021-11-28 00:49:20.768  INFO 16436 --- [main] .s.d.r.c.RepositoryConfigurationDelegate : Bootstrapping Spring Data Redis repositories in DEFAULT mode.
2021-11-28 00:49:20.817  INFO 16436 --- [main] .s.d.r.c.RepositoryConfigurationDelegate : Finished Spring Data repository scanning in 38 ms. Found 0 Redis repository interfaces.
2021-11-28 00:49:25.500  INFO 16436 --- [main] o.s.s.web.DefaultSecurityFilterChain     : Will secure any request with [org.springframework.security.web.context.request.async.WebAsyncManagerIntegrationFilter@325e03b, org.springframework.security.web.context.SecurityContextPersistenceFilter@453439e, org.springframework.security.web.header.HeaderWriterFilter@f252762, org.springframework.web.filter.CorsFilter@3911fec8, fun.lianys.blogserver.config.JwtAuthenticationFilter@1e38e8b6, org.springframework.security.web.savedrequest.RequestCacheAwareFilter@5d9d8ecf, org.springframework.security.web.servletapi.SecurityContextHolderAwareRequestFilter@680937c9, org.springframework.security.web.authentication.AnonymousAuthenticationFilter@59bbf82e, org.springframework.security.web.session.SessionManagementFilter@2aac87ab, org.springframework.security.web.access.ExceptionTranslationFilter@7ce760af]
2021-11-28 00:49:25.625  INFO 16436 --- [main] o.s.b.t.m.w.SpringBootMockServletContext : Initializing Spring TestDispatcherServlet ''
2021-11-28 00:49:25.625  INFO 16436 --- [main] o.s.t.web.servlet.TestDispatcherServlet  : Initializing Servlet ''
2021-11-28 00:49:25.626  INFO 16436 --- [main] o.s.t.web.servlet.TestDispatcherServlet  : Completed initialization in 1 ms
2021-11-28 00:49:26.800  INFO 16436 --- [main] f.l.b.controllers.AuthControllerTest     : Started AuthControllerTest in 8.648 seconds (JVM running for 10.091)
2021-11-28 00:49:27.725  INFO 16436 --- [main] com.zaxxer.hikari.HikariDataSource       : HikariPool-1 - Starting...
2021-11-28 00:49:28.036  INFO 16436 --- [main] com.zaxxer.hikari.HikariDataSource       : HikariPool-1 - Start completed.
2021-11-28 00:49:28.073  INFO 16436 --- [main] f.l.b.service.UserDetailsServiceImpl     : JwtUser(id=1, username=lys, password=$2a$10$nt7jqTOrILGW8UNBeIagvuU5sQE2rr6RURaFKMsPoaX3t9iQQPSUi)
2021-11-28 00:49:28.178  INFO 16436 --- [main] f.l.b.service.UserDetailsServiceImpl     : JwtUser(id=1, username=lys, password=$2a$10$nt7jqTOrILGW8UNBeIagvuU5sQE2rr6RURaFKMsPoaX3t9iQQPSUi)
2021-11-28 00:49:28.275  INFO 16436 --- [main] f.l.b.service.UserDetailsServiceImpl     : JwtUser(id=1, username=lys, password=$2a$10$nt7jqTOrILGW8UNBeIagvuU5sQE2rr6RURaFKMsPoaX3t9iQQPSUi)
2021-11-28 00:49:28.366  INFO 16436 --- [main] f.l.b.service.UserDetailsServiceImpl     : JwtUser(id=1, username=lys, password=$2a$10$nt7jqTOrILGW8UNBeIagvuU5sQE2rr6RURaFKMsPoaX3t9iQQPSUi)
2021-11-28 00:49:28.459  INFO 16436 --- [main] f.l.b.service.UserDetailsServiceImpl     : JwtUser(id=1, username=lys, password=$2a$10$nt7jqTOrILGW8UNBeIagvuU5sQE2rr6RURaFKMsPoaX3t9iQQPSUi)
2021-11-28 00:49:28.551  INFO 16436 --- [main] f.l.b.service.UserDetailsServiceImpl     : JwtUser(id=1, username=lys, password=$2a$10$nt7jqTOrILGW8UNBeIagvuU5sQE2rr6RURaFKMsPoaX3t9iQQPSUi)
2021-11-28 00:49:28.643  INFO 16436 --- [main] f.l.b.service.UserDetailsServiceImpl     : JwtUser(id=1, username=lys, password=$2a$10$nt7jqTOrILGW8UNBeIagvuU5sQE2rr6RURaFKMsPoaX3t9iQQPSUi)
2021-11-28 00:49:28.733  INFO 16436 --- [main] f.l.b.service.UserDetailsServiceImpl     : JwtUser(id=1, username=lys, password=$2a$10$nt7jqTOrILGW8UNBeIagvuU5sQE2rr6RURaFKMsPoaX3t9iQQPSUi)
2021-11-28 00:49:28.823  INFO 16436 --- [main] f.l.b.service.UserDetailsServiceImpl     : JwtUser(id=1, username=lys, password=$2a$10$nt7jqTOrILGW8UNBeIagvuU5sQE2rr6RURaFKMsPoaX3t9iQQPSUi)
2021-11-28 00:49:28.911  INFO 16436 --- [main] f.l.b.service.UserDetailsServiceImpl     : JwtUser(id=1, username=lys, password=$2a$10$nt7jqTOrILGW8UNBeIagvuU5sQE2rr6RURaFKMsPoaX3t9iQQPSUi)
2021-11-28 00:49:29.003  INFO 16436 --- [main] f.l.b.service.UserDetailsServiceImpl     : JwtUser(id=1, username=lys, password=$2a$10$nt7jqTOrILGW8UNBeIagvuU5sQE2rr6RURaFKMsPoaX3t9iQQPSUi)
2021-11-28 00:49:29.092  INFO 16436 --- [main] f.l.b.service.UserDetailsServiceImpl     : JwtUser(id=1, username=lys, password=$2a$10$nt7jqTOrILGW8UNBeIagvuU5sQE2rr6RURaFKMsPoaX3t9iQQPSUi)
2021-11-28 00:49:29.180  INFO 16436 --- [main] f.l.b.service.UserDetailsServiceImpl     : JwtUser(id=1, username=lys, password=$2a$10$nt7jqTOrILGW8UNBeIagvuU5sQE2rr6RURaFKMsPoaX3t9iQQPSUi)
2021-11-28 00:49:29.267  INFO 16436 --- [main] f.l.b.service.UserDetailsServiceImpl     : JwtUser(id=1, username=lys, password=$2a$10$nt7jqTOrILGW8UNBeIagvuU5sQE2rr6RURaFKMsPoaX3t9iQQPSUi)
2021-11-28 00:49:29.353  INFO 16436 --- [main] f.l.b.service.UserDetailsServiceImpl     : JwtUser(id=1, username=lys, password=$2a$10$nt7jqTOrILGW8UNBeIagvuU5sQE2rr6RURaFKMsPoaX3t9iQQPSUi)
2021-11-28 00:49:29.441  INFO 16436 --- [main] f.l.b.service.UserDetailsServiceImpl     : JwtUser(id=1, username=lys, password=$2a$10$nt7jqTOrILGW8UNBeIagvuU5sQE2rr6RURaFKMsPoaX3t9iQQPSUi)
2021-11-28 00:49:29.528  INFO 16436 --- [main] f.l.b.service.UserDetailsServiceImpl     : JwtUser(id=1, username=lys, password=$2a$10$nt7jqTOrILGW8UNBeIagvuU5sQE2rr6RURaFKMsPoaX3t9iQQPSUi)
2021-11-28 00:49:29.614  INFO 16436 --- [main] f.l.b.service.UserDetailsServiceImpl     : JwtUser(id=1, username=lys, password=$2a$10$nt7jqTOrILGW8UNBeIagvuU5sQE2rr6RURaFKMsPoaX3t9iQQPSUi)
2021-11-28 00:49:29.700  INFO 16436 --- [main] f.l.b.service.UserDetailsServiceImpl     : JwtUser(id=1, username=lys, password=$2a$10$nt7jqTOrILGW8UNBeIagvuU5sQE2rr6RURaFKMsPoaX3t9iQQPSUi)
2021-11-28 00:49:29.789  INFO 16436 --- [main] f.l.b.service.UserDetailsServiceImpl     : JwtUser(id=1, username=lys, password=$2a$10$nt7jqTOrILGW8UNBeIagvuU5sQE2rr6RURaFKMsPoaX3t9iQQPSUi)
2021-11-28 00:49:29.876  INFO 16436 --- [main] f.l.b.service.UserDetailsServiceImpl     : JwtUser(id=1, username=lys, password=$2a$10$nt7jqTOrILGW8UNBeIagvuU5sQE2rr6RURaFKMsPoaX3t9iQQPSUi)
2021-11-28 00:49:29.963  INFO 16436 --- [main] f.l.b.service.UserDetailsServiceImpl     : JwtUser(id=1, username=lys, password=$2a$10$nt7jqTOrILGW8UNBeIagvuU5sQE2rr6RURaFKMsPoaX3t9iQQPSUi)
2021-11-28 00:49:30.054  INFO 16436 --- [main] f.l.b.service.UserDetailsServiceImpl     : JwtUser(id=1, username=lys, password=$2a$10$nt7jqTOrILGW8UNBeIagvuU5sQE2rr6RURaFKMsPoaX3t9iQQPSUi)
2021-11-28 00:49:30.141  INFO 16436 --- [main] f.l.b.service.UserDetailsServiceImpl     : JwtUser(id=1, username=lys, password=$2a$10$nt7jqTOrILGW8UNBeIagvuU5sQE2rr6RURaFKMsPoaX3t9iQQPSUi)
2021-11-28 00:49:30.229  INFO 16436 --- [main] f.l.b.service.UserDetailsServiceImpl     : JwtUser(id=1, username=lys, password=$2a$10$nt7jqTOrILGW8UNBeIagvuU5sQE2rr6RURaFKMsPoaX3t9iQQPSUi)
2021-11-28 00:49:30.316  INFO 16436 --- [main] f.l.b.service.UserDetailsServiceImpl     : JwtUser(id=1, username=lys, password=$2a$10$nt7jqTOrILGW8UNBeIagvuU5sQE2rr6RURaFKMsPoaX3t9iQQPSUi)
2021-11-28 00:49:30.404  INFO 16436 --- [main] f.l.b.service.UserDetailsServiceImpl     : JwtUser(id=1, username=lys, password=$2a$10$nt7jqTOrILGW8UNBeIagvuU5sQE2rr6RURaFKMsPoaX3t9iQQPSUi)
2021-11-28 00:49:30.492  INFO 16436 --- [main] f.l.b.service.UserDetailsServiceImpl     : JwtUser(id=1, username=lys, password=$2a$10$nt7jqTOrILGW8UNBeIagvuU5sQE2rr6RURaFKMsPoaX3t9iQQPSUi)
2021-11-28 00:49:30.582  INFO 16436 --- [main] f.l.b.service.UserDetailsServiceImpl     : JwtUser(id=1, username=lys, password=$2a$10$nt7jqTOrILGW8UNBeIagvuU5sQE2rr6RURaFKMsPoaX3t9iQQPSUi)
2021-11-28 00:49:30.669  INFO 16436 --- [main] f.l.b.service.UserDetailsServiceImpl     : JwtUser(id=1, username=lys, password=$2a$10$nt7jqTOrILGW8UNBeIagvuU5sQE2rr6RURaFKMsPoaX3t9iQQPSUi)
2021-11-28 00:49:30.755  INFO 16436 --- [main] f.l.b.service.UserDetailsServiceImpl     : JwtUser(id=1, username=lys, password=$2a$10$nt7jqTOrILGW8UNBeIagvuU5sQE2rr6RURaFKMsPoaX3t9iQQPSUi)
2021-11-28 00:49:30.844  INFO 16436 --- [main] f.l.b.service.UserDetailsServiceImpl     : JwtUser(id=1, username=lys, password=$2a$10$nt7jqTOrILGW8UNBeIagvuU5sQE2rr6RURaFKMsPoaX3t9iQQPSUi)
2021-11-28 00:49:30.934  INFO 16436 --- [main] f.l.b.service.UserDetailsServiceImpl     : JwtUser(id=1, username=lys, password=$2a$10$nt7jqTOrILGW8UNBeIagvuU5sQE2rr6RURaFKMsPoaX3t9iQQPSUi)
2021-11-28 00:49:31.021  INFO 16436 --- [main] f.l.b.service.UserDetailsServiceImpl     : JwtUser(id=1, username=lys, password=$2a$10$nt7jqTOrILGW8UNBeIagvuU5sQE2rr6RURaFKMsPoaX3t9iQQPSUi)
2021-11-28 00:49:31.110  INFO 16436 --- [main] f.l.b.service.UserDetailsServiceImpl     : JwtUser(id=1, username=lys, password=$2a$10$nt7jqTOrILGW8UNBeIagvuU5sQE2rr6RURaFKMsPoaX3t9iQQPSUi)
2021-11-28 00:49:31.201  INFO 16436 --- [main] f.l.b.service.UserDetailsServiceImpl     : JwtUser(id=1, username=lys, password=$2a$10$nt7jqTOrILGW8UNBeIagvuU5sQE2rr6RURaFKMsPoaX3t9iQQPSUi)
2021-11-28 00:49:31.289  INFO 16436 --- [main] f.l.b.service.UserDetailsServiceImpl     : JwtUser(id=1, username=lys, password=$2a$10$nt7jqTOrILGW8UNBeIagvuU5sQE2rr6RURaFKMsPoaX3t9iQQPSUi)
2021-11-28 00:49:31.376  INFO 16436 --- [main] f.l.b.service.UserDetailsServiceImpl     : JwtUser(id=1, username=lys, password=$2a$10$nt7jqTOrILGW8UNBeIagvuU5sQE2rr6RURaFKMsPoaX3t9iQQPSUi)
2021-11-28 00:49:31.464  INFO 16436 --- [main] f.l.b.service.UserDetailsServiceImpl     : JwtUser(id=1, username=lys, password=$2a$10$nt7jqTOrILGW8UNBeIagvuU5sQE2rr6RURaFKMsPoaX3t9iQQPSUi)
2021-11-28 00:49:31.567  INFO 16436 --- [main] f.l.b.service.UserDetailsServiceImpl     : JwtUser(id=1, username=lys, password=$2a$10$nt7jqTOrILGW8UNBeIagvuU5sQE2rr6RURaFKMsPoaX3t9iQQPSUi)
2021-11-28 00:49:31.654  INFO 16436 --- [main] f.l.b.service.UserDetailsServiceImpl     : JwtUser(id=1, username=lys, password=$2a$10$nt7jqTOrILGW8UNBeIagvuU5sQE2rr6RURaFKMsPoaX3t9iQQPSUi)
2021-11-28 00:49:31.741  INFO 16436 --- [main] f.l.b.service.UserDetailsServiceImpl     : JwtUser(id=1, username=lys, password=$2a$10$nt7jqTOrILGW8UNBeIagvuU5sQE2rr6RURaFKMsPoaX3t9iQQPSUi)
2021-11-28 00:49:31.830  INFO 16436 --- [main] f.l.b.service.UserDetailsServiceImpl     : JwtUser(id=1, username=lys, password=$2a$10$nt7jqTOrILGW8UNBeIagvuU5sQE2rr6RURaFKMsPoaX3t9iQQPSUi)
2021-11-28 00:49:31.920  INFO 16436 --- [main] f.l.b.service.UserDetailsServiceImpl     : JwtUser(id=1, username=lys, password=$2a$10$nt7jqTOrILGW8UNBeIagvuU5sQE2rr6RURaFKMsPoaX3t9iQQPSUi)
2021-11-28 00:49:32.009  INFO 16436 --- [main] f.l.b.service.UserDetailsServiceImpl     : JwtUser(id=1, username=lys, password=$2a$10$nt7jqTOrILGW8UNBeIagvuU5sQE2rr6RURaFKMsPoaX3t9iQQPSUi)
2021-11-28 00:49:32.095  INFO 16436 --- [main] f.l.b.service.UserDetailsServiceImpl     : JwtUser(id=1, username=lys, password=$2a$10$nt7jqTOrILGW8UNBeIagvuU5sQE2rr6RURaFKMsPoaX3t9iQQPSUi)
2021-11-28 00:49:32.183  INFO 16436 --- [main] f.l.b.service.UserDetailsServiceImpl     : JwtUser(id=1, username=lys, password=$2a$10$nt7jqTOrILGW8UNBeIagvuU5sQE2rr6RURaFKMsPoaX3t9iQQPSUi)
2021-11-28 00:49:32.271  INFO 16436 --- [main] f.l.b.service.UserDetailsServiceImpl     : JwtUser(id=1, username=lys, password=$2a$10$nt7jqTOrILGW8UNBeIagvuU5sQE2rr6RURaFKMsPoaX3t9iQQPSUi)
2021-11-28 00:49:32.360  INFO 16436 --- [main] f.l.b.service.UserDetailsServiceImpl     : JwtUser(id=1, username=lys, password=$2a$10$nt7jqTOrILGW8UNBeIagvuU5sQE2rr6RURaFKMsPoaX3t9iQQPSUi)
2021-11-28 00:49:32.450  INFO 16436 --- [main] f.l.b.service.UserDetailsServiceImpl     : JwtUser(id=1, username=lys, password=$2a$10$nt7jqTOrILGW8UNBeIagvuU5sQE2rr6RURaFKMsPoaX3t9iQQPSUi)
2021-11-28 00:49:32.538  INFO 16436 --- [main] f.l.b.service.UserDetailsServiceImpl     : JwtUser(id=1, username=lys, password=$2a$10$nt7jqTOrILGW8UNBeIagvuU5sQE2rr6RURaFKMsPoaX3t9iQQPSUi)
2021-11-28 00:49:32.625  INFO 16436 --- [main] f.l.b.service.UserDetailsServiceImpl     : JwtUser(id=1, username=lys, password=$2a$10$nt7jqTOrILGW8UNBeIagvuU5sQE2rr6RURaFKMsPoaX3t9iQQPSUi)
2021-11-28 00:49:32.715  INFO 16436 --- [main] f.l.b.service.UserDetailsServiceImpl     : JwtUser(id=1, username=lys, password=$2a$10$nt7jqTOrILGW8UNBeIagvuU5sQE2rr6RURaFKMsPoaX3t9iQQPSUi)
2021-11-28 00:49:32.815  INFO 16436 --- [main] f.l.b.service.UserDetailsServiceImpl     : JwtUser(id=1, username=lys, password=$2a$10$nt7jqTOrILGW8UNBeIagvuU5sQE2rr6RURaFKMsPoaX3t9iQQPSUi)
2021-11-28 00:49:32.901  INFO 16436 --- [main] f.l.b.service.UserDetailsServiceImpl     : JwtUser(id=1, username=lys, password=$2a$10$nt7jqTOrILGW8UNBeIagvuU5sQE2rr6RURaFKMsPoaX3t9iQQPSUi)
2021-11-28 00:49:32.990  INFO 16436 --- [main] f.l.b.service.UserDetailsServiceImpl     : JwtUser(id=1, username=lys, password=$2a$10$nt7jqTOrILGW8UNBeIagvuU5sQE2rr6RURaFKMsPoaX3t9iQQPSUi)
2021-11-28 00:49:33.076  INFO 16436 --- [main] f.l.b.service.UserDetailsServiceImpl     : JwtUser(id=1, username=lys, password=$2a$10$nt7jqTOrILGW8UNBeIagvuU5sQE2rr6RURaFKMsPoaX3t9iQQPSUi)
2021-11-28 00:49:33.163  INFO 16436 --- [main] f.l.b.service.UserDetailsServiceImpl     : JwtUser(id=1, username=lys, password=$2a$10$nt7jqTOrILGW8UNBeIagvuU5sQE2rr6RURaFKMsPoaX3t9iQQPSUi)
2021-11-28 00:49:33.250  INFO 16436 --- [main] f.l.b.service.UserDetailsServiceImpl     : JwtUser(id=1, username=lys, password=$2a$10$nt7jqTOrILGW8UNBeIagvuU5sQE2rr6RURaFKMsPoaX3t9iQQPSUi)
2021-11-28 00:49:33.337  INFO 16436 --- [main] f.l.b.service.UserDetailsServiceImpl     : JwtUser(id=1, username=lys, password=$2a$10$nt7jqTOrILGW8UNBeIagvuU5sQE2rr6RURaFKMsPoaX3t9iQQPSUi)
2021-11-28 00:49:33.422  INFO 16436 --- [main] f.l.b.service.UserDetailsServiceImpl     : JwtUser(id=1, username=lys, password=$2a$10$nt7jqTOrILGW8UNBeIagvuU5sQE2rr6RURaFKMsPoaX3t9iQQPSUi)
2021-11-28 00:49:33.508  INFO 16436 --- [main] f.l.b.service.UserDetailsServiceImpl     : JwtUser(id=1, username=lys, password=$2a$10$nt7jqTOrILGW8UNBeIagvuU5sQE2rr6RURaFKMsPoaX3t9iQQPSUi)
2021-11-28 00:49:33.596  INFO 16436 --- [main] f.l.b.service.UserDetailsServiceImpl     : JwtUser(id=1, username=lys, password=$2a$10$nt7jqTOrILGW8UNBeIagvuU5sQE2rr6RURaFKMsPoaX3t9iQQPSUi)
2021-11-28 00:49:33.683  INFO 16436 --- [main] f.l.b.service.UserDetailsServiceImpl     : JwtUser(id=1, username=lys, password=$2a$10$nt7jqTOrILGW8UNBeIagvuU5sQE2rr6RURaFKMsPoaX3t9iQQPSUi)
2021-11-28 00:49:33.770  INFO 16436 --- [main] f.l.b.service.UserDetailsServiceImpl     : JwtUser(id=1, username=lys, password=$2a$10$nt7jqTOrILGW8UNBeIagvuU5sQE2rr6RURaFKMsPoaX3t9iQQPSUi)
2021-11-28 00:49:33.857  INFO 16436 --- [main] f.l.b.service.UserDetailsServiceImpl     : JwtUser(id=1, username=lys, password=$2a$10$nt7jqTOrILGW8UNBeIagvuU5sQE2rr6RURaFKMsPoaX3t9iQQPSUi)
2021-11-28 00:49:33.945  INFO 16436 --- [SpringApplicationShutdownHook] com.zaxxer.hikari.HikariDataSource       : HikariPool-1 - Shutdown initiated...
2021-11-28 00:49:33.946  INFO 16436 --- [main] f.l.b.service.UserDetailsServiceImpl     : JwtUser(id=1, username=lys, password=$2a$10$nt7jqTOrILGW8UNBeIagvuU5sQE2rr6RURaFKMsPoaX3t9iQQPSUi)
2021-11-28 00:49:33.963  INFO 16436 --- [SpringApplicationShutdownHook] com.zaxxer.hikari.HikariDataSource       : HikariPool-1 - Shutdown completed.
2021-11-28 01:00:16.782  INFO 16733 --- [main] f.l.b.controllers.AuthControllerTest     : Starting AuthControllerTest using Java 17 on lianyongshengdeMacBook-Air.local with PID 16733 (started by lianyongsheng in /Users/lianyongsheng/IdeaProjects/blog-server)
2021-11-28 01:00:16.787  INFO 16733 --- [main] f.l.b.controllers.AuthControllerTest     : No active profile set, falling back to default profiles: default
2021-11-28 01:00:18.586  INFO 16733 --- [main] .s.d.r.c.RepositoryConfigurationDelegate : Multiple Spring Data modules found, entering strict repository configuration mode!
2021-11-28 01:00:18.589  INFO 16733 --- [main] .s.d.r.c.RepositoryConfigurationDelegate : Bootstrapping Spring Data Redis repositories in DEFAULT mode.
2021-11-28 01:00:18.638  INFO 16733 --- [main] .s.d.r.c.RepositoryConfigurationDelegate : Finished Spring Data repository scanning in 39 ms. Found 0 Redis repository interfaces.
2021-11-28 01:00:20.119  WARN 16733 --- [main] o.s.w.c.s.GenericWebApplicationContext   : Exception encountered during context initialization - cancelling refresh attempt: org.springframework.beans.factory.UnsatisfiedDependencyException: Error creating bean with name 'authController': Unsatisfied dependency expressed through field 'authenticationManager'; nested exception is org.springframework.beans.factory.NoSuchBeanDefinitionException: No qualifying bean of type 'org.springframework.security.authentication.AuthenticationManager' available: expected at least 1 bean which qualifies as autowire candidate. Dependency annotations: {@org.springframework.beans.factory.annotation.Autowired(required=true)}
2021-11-28 01:00:20.164  INFO 16733 --- [main] ConditionEvaluationReportLoggingListener : 

Error starting ApplicationContext. To display the conditions report re-run your application with 'debug' enabled.
2021-11-28 01:00:20.233 ERROR 16733 --- [main] o.s.b.d.LoggingFailureAnalysisReporter   : 

***************************
APPLICATION FAILED TO START
***************************

Description:

Field authenticationManager in fun.lianys.blogserver.controllers.AuthController required a bean of type 'org.springframework.security.authentication.AuthenticationManager' that could not be found.

The injection point has the following annotations:
	- @org.springframework.beans.factory.annotation.Autowired(required=true)


Action:

Consider defining a bean of type 'org.springframework.security.authentication.AuthenticationManager' in your configuration.

2021-11-28 01:00:20.237 ERROR 16733 --- [main] o.s.test.context.TestContextManager      : Caught exception while allowing TestExecutionListener [org.springframework.test.context.web.ServletTestExecutionListener@babafc2] to prepare test instance [fun.lianys.blogserver.controllers.AuthControllerTest@4afd65fd]

java.lang.IllegalStateException: Failed to load ApplicationContext
	at org.springframework.test.context.cache.DefaultCacheAwareContextLoaderDelegate.loadContext(DefaultCacheAwareContextLoaderDelegate.java:132) ~[spring-test-5.3.10.jar:5.3.10]
	at org.springframework.test.context.support.DefaultTestContext.getApplicationContext(DefaultTestContext.java:124) ~[spring-test-5.3.10.jar:5.3.10]
	at org.springframework.test.context.web.ServletTestExecutionListener.setUpRequestContextIfNecessary(ServletTestExecutionListener.java:190) ~[spring-test-5.3.10.jar:5.3.10]
	at org.springframework.test.context.web.ServletTestExecutionListener.prepareTestInstance(ServletTestExecutionListener.java:132) ~[spring-test-5.3.10.jar:5.3.10]
	at org.springframework.test.context.TestContextManager.prepareTestInstance(TestContextManager.java:248) ~[spring-test-5.3.10.jar:5.3.10]
	at org.springframework.test.context.junit.jupiter.SpringExtension.postProcessTestInstance(SpringExtension.java:138) ~[spring-test-5.3.10.jar:5.3.10]
	at org.junit.jupiter.engine.descriptor.ClassBasedTestDescriptor.lambda$invokeTestInstancePostProcessors$6(ClassBasedTestDescriptor.java:350) ~[junit-jupiter-engine-5.7.2.jar:5.7.2]
	at org.junit.jupiter.engine.descriptor.ClassBasedTestDescriptor.executeAndMaskThrowable(ClassBasedTestDescriptor.java:355) ~[junit-jupiter-engine-5.7.2.jar:5.7.2]
	at org.junit.jupiter.engine.descriptor.ClassBasedTestDescriptor.lambda$invokeTestInstancePostProcessors$7(ClassBasedTestDescriptor.java:350) ~[junit-jupiter-engine-5.7.2.jar:5.7.2]
	at java.base/java.util.stream.ReferencePipeline$3$1.accept(ReferencePipeline.java:197) ~[na:na]
	at java.base/java.util.stream.ReferencePipeline$2$1.accept(ReferencePipeline.java:179) ~[na:na]
	at java.base/java.util.ArrayList$ArrayListSpliterator.forEachRemaining(ArrayList.java:1625) ~[na:na]
	at java.base/java.util.stream.AbstractPipeline.copyInto(AbstractPipeline.java:509) ~[na:na]
	at java.base/java.util.stream.AbstractPipeline.wrapAndCopyInto(AbstractPipeline.java:499) ~[na:na]
	at java.base/java.util.stream.StreamSpliterators$WrappingSpliterator.forEachRemaining(StreamSpliterators.java:310) ~[na:na]
	at java.base/java.util.stream.Streams$ConcatSpliterator.forEachRemaining(Streams.java:735) ~[na:na]
	at java.base/java.util.stream.Streams$ConcatSpliterator.forEachRemaining(Streams.java:734) ~[na:na]
	at java.base/java.util.stream.ReferencePipeline$Head.forEach(ReferencePipeline.java:762) ~[na:na]
	at org.junit.jupiter.engine.descriptor.ClassBasedTestDescriptor.invokeTestInstancePostProcessors(ClassBasedTestDescriptor.java:349) ~[junit-jupiter-engine-5.7.2.jar:5.7.2]
	at org.junit.jupiter.engine.descriptor.ClassBasedTestDescriptor.lambda$instantiateAndPostProcessTestInstance$4(ClassBasedTestDescriptor.java:270) ~[junit-jupiter-engine-5.7.2.jar:5.7.2]
	at org.junit.platform.engine.support.hierarchical.ThrowableCollector.execute(ThrowableCollector.java:73) ~[junit-platform-engine-1.7.2.jar:1.7.2]
	at org.junit.jupiter.engine.descriptor.ClassBasedTestDescriptor.instantiateAndPostProcessTestInstance(ClassBasedTestDescriptor.java:269) ~[junit-jupiter-engine-5.7.2.jar:5.7.2]
	at org.junit.jupiter.engine.descriptor.ClassBasedTestDescriptor.lambda$testInstancesProvider$2(ClassBasedTestDescriptor.java:259) ~[junit-jupiter-engine-5.7.2.jar:5.7.2]
	at java.base/java.util.Optional.orElseGet(Optional.java:364) ~[na:na]
	at org.junit.jupiter.engine.descriptor.ClassBasedTestDescriptor.lambda$testInstancesProvider$3(ClassBasedTestDescriptor.java:258) ~[junit-jupiter-engine-5.7.2.jar:5.7.2]
	at org.junit.jupiter.engine.execution.TestInstancesProvider.getTestInstances(TestInstancesProvider.java:31) ~[junit-jupiter-engine-5.7.2.jar:5.7.2]
	at org.junit.jupiter.engine.descriptor.TestMethodTestDescriptor.lambda$prepare$0(TestMethodTestDescriptor.java:101) ~[junit-jupiter-engine-5.7.2.jar:5.7.2]
	at org.junit.platform.engine.support.hierarchical.ThrowableCollector.execute(ThrowableCollector.java:73) ~[junit-platform-engine-1.7.2.jar:1.7.2]
	at org.junit.jupiter.engine.descriptor.TestMethodTestDescriptor.prepare(TestMethodTestDescriptor.java:100) ~[junit-jupiter-engine-5.7.2.jar:5.7.2]
	at org.junit.jupiter.engine.descriptor.TestMethodTestDescriptor.prepare(TestMethodTestDescriptor.java:65) ~[junit-jupiter-engine-5.7.2.jar:5.7.2]
	at org.junit.platform.engine.support.hierarchical.NodeTestTask.lambda$prepare$1(NodeTestTask.java:111) ~[junit-platform-engine-1.7.2.jar:1.7.2]
	at org.junit.platform.engine.support.hierarchical.ThrowableCollector.execute(ThrowableCollector.java:73) ~[junit-platform-engine-1.7.2.jar:1.7.2]
	at org.junit.platform.engine.support.hierarchical.NodeTestTask.prepare(NodeTestTask.java:111) ~[junit-platform-engine-1.7.2.jar:1.7.2]
	at org.junit.platform.engine.support.hierarchical.NodeTestTask.execute(NodeTestTask.java:79) ~[junit-platform-engine-1.7.2.jar:1.7.2]
	at java.base/java.util.ArrayList.forEach(ArrayList.java:1511) ~[na:na]
	at org.junit.platform.engine.support.hierarchical.SameThreadHierarchicalTestExecutorService.invokeAll(SameThreadHierarchicalTestExecutorService.java:38) ~[junit-platform-engine-1.7.2.jar:1.7.2]
	at org.junit.platform.engine.support.hierarchical.NodeTestTask.lambda$executeRecursively$5(NodeTestTask.java:143) ~[junit-platform-engine-1.7.2.jar:1.7.2]
	at org.junit.platform.engine.support.hierarchical.ThrowableCollector.execute(ThrowableCollector.java:73) ~[junit-platform-engine-1.7.2.jar:1.7.2]
	at org.junit.platform.engine.support.hierarchical.NodeTestTask.lambda$executeRecursively$7(NodeTestTask.java:129) ~[junit-platform-engine-1.7.2.jar:1.7.2]
	at org.junit.platform.engine.support.hierarchical.Node.around(Node.java:137) ~[junit-platform-engine-1.7.2.jar:1.7.2]
	at org.junit.platform.engine.support.hierarchical.NodeTestTask.lambda$executeRecursively$8(NodeTestTask.java:127) ~[junit-platform-engine-1.7.2.jar:1.7.2]
	at org.junit.platform.engine.support.hierarchical.ThrowableCollector.execute(ThrowableCollector.java:73) ~[junit-platform-engine-1.7.2.jar:1.7.2]
	at org.junit.platform.engine.support.hierarchical.NodeTestTask.executeRecursively(NodeTestTask.java:126) ~[junit-platform-engine-1.7.2.jar:1.7.2]
	at org.junit.platform.engine.support.hierarchical.NodeTestTask.execute(NodeTestTask.java:84) ~[junit-platform-engine-1.7.2.jar:1.7.2]
	at java.base/java.util.ArrayList.forEach(ArrayList.java:1511) ~[na:na]
	at org.junit.platform.engine.support.hierarchical.SameThreadHierarchicalTestExecutorService.invokeAll(SameThreadHierarchicalTestExecutorService.java:38) ~[junit-platform-engine-1.7.2.jar:1.7.2]
	at org.junit.platform.engine.support.hierarchical.NodeTestTask.lambda$executeRecursively$5(NodeTestTask.java:143) ~[junit-platform-engine-1.7.2.jar:1.7.2]
	at org.junit.platform.engine.support.hierarchical.ThrowableCollector.execute(ThrowableCollector.java:73) ~[junit-platform-engine-1.7.2.jar:1.7.2]
	at org.junit.platform.engine.support.hierarchical.NodeTestTask.lambda$executeRecursively$7(NodeTestTask.java:129) ~[junit-platform-engine-1.7.2.jar:1.7.2]
	at org.junit.platform.engine.support.hierarchical.Node.around(Node.java:137) ~[junit-platform-engine-1.7.2.jar:1.7.2]
	at org.junit.platform.engine.support.hierarchical.NodeTestTask.lambda$executeRecursively$8(NodeTestTask.java:127) ~[junit-platform-engine-1.7.2.jar:1.7.2]
	at org.junit.platform.engine.support.hierarchical.ThrowableCollector.execute(ThrowableCollector.java:73) ~[junit-platform-engine-1.7.2.jar:1.7.2]
	at org.junit.platform.engine.support.hierarchical.NodeTestTask.executeRecursively(NodeTestTask.java:126) ~[junit-platform-engine-1.7.2.jar:1.7.2]
	at org.junit.platform.engine.support.hierarchical.NodeTestTask.execute(NodeTestTask.java:84) ~[junit-platform-engine-1.7.2.jar:1.7.2]
	at org.junit.platform.engine.support.hierarchical.SameThreadHierarchicalTestExecutorService.submit(SameThreadHierarchicalTestExecutorService.java:32) ~[junit-platform-engine-1.7.2.jar:1.7.2]
	at org.junit.platform.engine.support.hierarchical.HierarchicalTestExecutor.execute(HierarchicalTestExecutor.java:57) ~[junit-platform-engine-1.7.2.jar:1.7.2]
	at org.junit.platform.engine.support.hierarchical.HierarchicalTestEngine.execute(HierarchicalTestEngine.java:51) ~[junit-platform-engine-1.7.2.jar:1.7.2]
	at org.junit.platform.launcher.core.EngineExecutionOrchestrator.execute(EngineExecutionOrchestrator.java:108) ~[junit-platform-launcher-1.7.2.jar:1.7.2]
	at org.junit.platform.launcher.core.EngineExecutionOrchestrator.execute(EngineExecutionOrchestrator.java:88) ~[junit-platform-launcher-1.7.2.jar:1.7.2]
	at org.junit.platform.launcher.core.EngineExecutionOrchestrator.lambda$execute$0(EngineExecutionOrchestrator.java:54) ~[junit-platform-launcher-1.7.2.jar:1.7.2]
	at org.junit.platform.launcher.core.EngineExecutionOrchestrator.withInterceptedStreams(EngineExecutionOrchestrator.java:67) ~[junit-platform-launcher-1.7.2.jar:1.7.2]
	at org.junit.platform.launcher.core.EngineExecutionOrchestrator.execute(EngineExecutionOrchestrator.java:52) ~[junit-platform-launcher-1.7.2.jar:1.7.2]
	at org.junit.platform.launcher.core.DefaultLauncher.execute(DefaultLauncher.java:96) ~[junit-platform-launcher-1.7.2.jar:1.7.2]
	at org.junit.platform.launcher.core.DefaultLauncher.execute(DefaultLauncher.java:84) ~[junit-platform-launcher-1.7.2.jar:1.7.2]
	at org.eclipse.jdt.internal.junit5.runner.JUnit5TestReference.run(JUnit5TestReference.java:98) ~[.cp/:na]
	at org.eclipse.jdt.internal.junit.runner.TestExecution.run(TestExecution.java:40) ~[.cp/:na]
	at org.eclipse.jdt.internal.junit.runner.RemoteTestRunner.runTests(RemoteTestRunner.java:529) ~[.cp/:na]
	at org.eclipse.jdt.internal.junit.runner.RemoteTestRunner.runTests(RemoteTestRunner.java:756) ~[.cp/:na]
	at org.eclipse.jdt.internal.junit.runner.RemoteTestRunner.run(RemoteTestRunner.java:452) ~[.cp/:na]
	at org.eclipse.jdt.internal.junit.runner.RemoteTestRunner.main(RemoteTestRunner.java:210) ~[.cp/:na]
Caused by: org.springframework.beans.factory.UnsatisfiedDependencyException: Error creating bean with name 'authController': Unsatisfied dependency expressed through field 'authenticationManager'; nested exception is org.springframework.beans.factory.NoSuchBeanDefinitionException: No qualifying bean of type 'org.springframework.security.authentication.AuthenticationManager' available: expected at least 1 bean which qualifies as autowire candidate. Dependency annotations: {@org.springframework.beans.factory.annotation.Autowired(required=true)}
	at org.springframework.beans.factory.annotation.AutowiredAnnotationBeanPostProcessor$AutowiredFieldElement.resolveFieldValue(AutowiredAnnotationBeanPostProcessor.java:660) ~[spring-beans-5.3.10.jar:5.3.10]
	at org.springframework.beans.factory.annotation.AutowiredAnnotationBeanPostProcessor$AutowiredFieldElement.inject(AutowiredAnnotationBeanPostProcessor.java:640) ~[spring-beans-5.3.10.jar:5.3.10]
	at org.springframework.beans.factory.annotation.InjectionMetadata.inject(InjectionMetadata.java:119) ~[spring-beans-5.3.10.jar:5.3.10]
	at org.springframework.beans.factory.annotation.AutowiredAnnotationBeanPostProcessor.postProcessProperties(AutowiredAnnotationBeanPostProcessor.java:399) ~[spring-beans-5.3.10.jar:5.3.10]
	at org.springframework.beans.factory.support.AbstractAutowireCapableBeanFactory.populateBean(AbstractAutowireCapableBeanFactory.java:1431) ~[spring-beans-5.3.10.jar:5.3.10]
	at org.springframework.beans.factory.support.AbstractAutowireCapableBeanFactory.doCreateBean(AbstractAutowireCapableBeanFactory.java:619) ~[spring-beans-5.3.10.jar:5.3.10]
	at org.springframework.beans.factory.support.AbstractAutowireCapableBeanFactory.createBean(AbstractAutowireCapableBeanFactory.java:542) ~[spring-beans-5.3.10.jar:5.3.10]
	at org.springframework.beans.factory.support.AbstractBeanFactory.lambda$doGetBean$0(AbstractBeanFactory.java:335) ~[spring-beans-5.3.10.jar:5.3.10]
	at org.springframework.beans.factory.support.DefaultSingletonBeanRegistry.getSingleton(DefaultSingletonBeanRegistry.java:234) ~[spring-beans-5.3.10.jar:5.3.10]
	at org.springframework.beans.factory.support.AbstractBeanFactory.doGetBean(AbstractBeanFactory.java:333) ~[spring-beans-5.3.10.jar:5.3.10]
	at org.springframework.beans.factory.support.AbstractBeanFactory.getBean(AbstractBeanFactory.java:208) ~[spring-beans-5.3.10.jar:5.3.10]
	at org.springframework.beans.factory.support.DefaultListableBeanFactory.preInstantiateSingletons(DefaultListableBeanFactory.java:944) ~[spring-beans-5.3.10.jar:5.3.10]
	at org.springframework.context.support.AbstractApplicationContext.finishBeanFactoryInitialization(AbstractApplicationContext.java:918) ~[spring-context-5.3.10.jar:5.3.10]
	at org.springframework.context.support.AbstractApplicationContext.refresh(AbstractApplicationContext.java:583) ~[spring-context-5.3.10.jar:5.3.10]
	at org.springframework.boot.SpringApplication.refresh(SpringApplication.java:754) ~[spring-boot-2.5.5.jar:2.5.5]
	at org.springframework.boot.SpringApplication.refreshContext(SpringApplication.java:434) ~[spring-boot-2.5.5.jar:2.5.5]
	at org.springframework.boot.SpringApplication.run(SpringApplication.java:338) ~[spring-boot-2.5.5.jar:2.5.5]
	at org.springframework.boot.test.context.SpringBootContextLoader.loadContext(SpringBootContextLoader.java:123) ~[spring-boot-test-2.5.5.jar:2.5.5]
	at org.springframework.test.context.cache.DefaultCacheAwareContextLoaderDelegate.loadContextInternal(DefaultCacheAwareContextLoaderDelegate.java:99) ~[spring-test-5.3.10.jar:5.3.10]
	at org.springframework.test.context.cache.DefaultCacheAwareContextLoaderDelegate.loadContext(DefaultCacheAwareContextLoaderDelegate.java:124) ~[spring-test-5.3.10.jar:5.3.10]
	... 69 common frames omitted
Caused by: org.springframework.beans.factory.NoSuchBeanDefinitionException: No qualifying bean of type 'org.springframework.security.authentication.AuthenticationManager' available: expected at least 1 bean which qualifies as autowire candidate. Dependency annotations: {@org.springframework.beans.factory.annotation.Autowired(required=true)}
	at org.springframework.beans.factory.support.DefaultListableBeanFactory.raiseNoMatchingBeanFound(DefaultListableBeanFactory.java:1790) ~[spring-beans-5.3.10.jar:5.3.10]
	at org.springframework.beans.factory.support.DefaultListableBeanFactory.doResolveDependency(DefaultListableBeanFactory.java:1346) ~[spring-beans-5.3.10.jar:5.3.10]
	at org.springframework.beans.factory.support.DefaultListableBeanFactory.resolveDependency(DefaultListableBeanFactory.java:1300) ~[spring-beans-5.3.10.jar:5.3.10]
	at org.springframework.beans.factory.annotation.AutowiredAnnotationBeanPostProcessor$AutowiredFieldElement.resolveFieldValue(AutowiredAnnotationBeanPostProcessor.java:657) ~[spring-beans-5.3.10.jar:5.3.10]
	... 88 common frames omitted

2021-11-28 01:12:31.453  INFO 17038 --- [main] f.l.b.controllers.AuthControllerTest     : Starting AuthControllerTest using Java 17 on lianyongshengdeMacBook-Air.local with PID 17038 (started by lianyongsheng in /Users/lianyongsheng/IdeaProjects/blog-server)
2021-11-28 01:12:31.464  INFO 17038 --- [main] f.l.b.controllers.AuthControllerTest     : No active profile set, falling back to default profiles: default
2021-11-28 01:12:33.287  INFO 17038 --- [main] .s.d.r.c.RepositoryConfigurationDelegate : Multiple Spring Data modules found, entering strict repository configuration mode!
2021-11-28 01:12:33.290  INFO 17038 --- [main] .s.d.r.c.RepositoryConfigurationDelegate : Bootstrapping Spring Data Redis repositories in DEFAULT mode.
2021-11-28 01:12:33.336  INFO 17038 --- [main] .s.d.r.c.RepositoryConfigurationDelegate : Finished Spring Data repository scanning in 36 ms. Found 0 Redis repository interfaces.
2021-11-28 01:12:37.887  INFO 17038 --- [main] o.s.s.web.DefaultSecurityFilterChain     : Will secure any request with [org.springframework.security.web.context.request.async.WebAsyncManagerIntegrationFilter@6bd28e4a, org.springframework.security.web.context.SecurityContextPersistenceFilter@77ad2767, org.springframework.security.web.header.HeaderWriterFilter@758311ed, org.springframework.web.filter.CorsFilter@55e88bc, fun.lianys.blogserver.config.JwtAuthenticationFilter@544300a6, org.springframework.security.web.savedrequest.RequestCacheAwareFilter@608c2042, org.springframework.security.web.servletapi.SecurityContextHolderAwareRequestFilter@7cc3a7f7, org.springframework.security.web.authentication.AnonymousAuthenticationFilter@4c12f54a, org.springframework.security.web.session.SessionManagementFilter@644f6e89, org.springframework.security.web.access.ExceptionTranslationFilter@4a0c04ab]
2021-11-28 01:12:38.007  INFO 17038 --- [main] o.s.b.t.m.w.SpringBootMockServletContext : Initializing Spring TestDispatcherServlet ''
2021-11-28 01:12:38.007  INFO 17038 --- [main] o.s.t.web.servlet.TestDispatcherServlet  : Initializing Servlet ''
2021-11-28 01:12:38.008  INFO 17038 --- [main] o.s.t.web.servlet.TestDispatcherServlet  : Completed initialization in 0 ms
2021-11-28 01:12:39.120  INFO 17038 --- [main] f.l.b.controllers.AuthControllerTest     : Started AuthControllerTest in 8.417 seconds (JVM running for 9.874)
2021-11-28 01:12:40.032  INFO 17038 --- [main] com.zaxxer.hikari.HikariDataSource       : HikariPool-1 - Starting...
2021-11-28 01:12:40.317  INFO 17038 --- [main] com.zaxxer.hikari.HikariDataSource       : HikariPool-1 - Start completed.
2021-11-28 01:12:40.363  INFO 17038 --- [main] f.l.b.service.UserDetailsServiceImpl     : JwtUser(id=1, username=lys, password=$2a$10$nt7jqTOrILGW8UNBeIagvuU5sQE2rr6RURaFKMsPoaX3t9iQQPSUi)
2021-11-28 01:12:40.460  INFO 17038 --- [main] f.l.b.service.UserDetailsServiceImpl     : JwtUser(id=1, username=lys, password=$2a$10$nt7jqTOrILGW8UNBeIagvuU5sQE2rr6RURaFKMsPoaX3t9iQQPSUi)
2021-11-28 01:12:40.555  INFO 17038 --- [main] f.l.b.service.UserDetailsServiceImpl     : JwtUser(id=1, username=lys, password=$2a$10$nt7jqTOrILGW8UNBeIagvuU5sQE2rr6RURaFKMsPoaX3t9iQQPSUi)
2021-11-28 01:12:40.649  INFO 17038 --- [main] f.l.b.service.UserDetailsServiceImpl     : JwtUser(id=1, username=lys, password=$2a$10$nt7jqTOrILGW8UNBeIagvuU5sQE2rr6RURaFKMsPoaX3t9iQQPSUi)
2021-11-28 01:12:40.741  INFO 17038 --- [main] f.l.b.service.UserDetailsServiceImpl     : JwtUser(id=1, username=lys, password=$2a$10$nt7jqTOrILGW8UNBeIagvuU5sQE2rr6RURaFKMsPoaX3t9iQQPSUi)
2021-11-28 01:12:40.876  INFO 17038 --- [main] f.l.b.service.UserDetailsServiceImpl     : JwtUser(id=1, username=lys, password=$2a$10$nt7jqTOrILGW8UNBeIagvuU5sQE2rr6RURaFKMsPoaX3t9iQQPSUi)
2021-11-28 01:12:40.970  INFO 17038 --- [main] f.l.b.service.UserDetailsServiceImpl     : JwtUser(id=1, username=lys, password=$2a$10$nt7jqTOrILGW8UNBeIagvuU5sQE2rr6RURaFKMsPoaX3t9iQQPSUi)
2021-11-28 01:12:41.058  INFO 17038 --- [main] f.l.b.service.UserDetailsServiceImpl     : JwtUser(id=1, username=lys, password=$2a$10$nt7jqTOrILGW8UNBeIagvuU5sQE2rr6RURaFKMsPoaX3t9iQQPSUi)
2021-11-28 01:12:41.148  INFO 17038 --- [main] f.l.b.service.UserDetailsServiceImpl     : JwtUser(id=1, username=lys, password=$2a$10$nt7jqTOrILGW8UNBeIagvuU5sQE2rr6RURaFKMsPoaX3t9iQQPSUi)
2021-11-28 01:12:41.237  INFO 17038 --- [main] f.l.b.service.UserDetailsServiceImpl     : JwtUser(id=1, username=lys, password=$2a$10$nt7jqTOrILGW8UNBeIagvuU5sQE2rr6RURaFKMsPoaX3t9iQQPSUi)
2021-11-28 01:12:41.327  INFO 17038 --- [main] f.l.b.service.UserDetailsServiceImpl     : JwtUser(id=1, username=lys, password=$2a$10$nt7jqTOrILGW8UNBeIagvuU5sQE2rr6RURaFKMsPoaX3t9iQQPSUi)
2021-11-28 01:12:41.416  INFO 17038 --- [main] f.l.b.service.UserDetailsServiceImpl     : JwtUser(id=1, username=lys, password=$2a$10$nt7jqTOrILGW8UNBeIagvuU5sQE2rr6RURaFKMsPoaX3t9iQQPSUi)
2021-11-28 01:12:41.503  INFO 17038 --- [main] f.l.b.service.UserDetailsServiceImpl     : JwtUser(id=1, username=lys, password=$2a$10$nt7jqTOrILGW8UNBeIagvuU5sQE2rr6RURaFKMsPoaX3t9iQQPSUi)
2021-11-28 01:12:41.589  INFO 17038 --- [main] f.l.b.service.UserDetailsServiceImpl     : JwtUser(id=1, username=lys, password=$2a$10$nt7jqTOrILGW8UNBeIagvuU5sQE2rr6RURaFKMsPoaX3t9iQQPSUi)
2021-11-28 01:12:41.678  INFO 17038 --- [main] f.l.b.service.UserDetailsServiceImpl     : JwtUser(id=1, username=lys, password=$2a$10$nt7jqTOrILGW8UNBeIagvuU5sQE2rr6RURaFKMsPoaX3t9iQQPSUi)
2021-11-28 01:12:41.766  INFO 17038 --- [main] f.l.b.service.UserDetailsServiceImpl     : JwtUser(id=1, username=lys, password=$2a$10$nt7jqTOrILGW8UNBeIagvuU5sQE2rr6RURaFKMsPoaX3t9iQQPSUi)
2021-11-28 01:12:41.856  INFO 17038 --- [main] f.l.b.service.UserDetailsServiceImpl     : JwtUser(id=1, username=lys, password=$2a$10$nt7jqTOrILGW8UNBeIagvuU5sQE2rr6RURaFKMsPoaX3t9iQQPSUi)
2021-11-28 01:12:41.943  INFO 17038 --- [main] f.l.b.service.UserDetailsServiceImpl     : JwtUser(id=1, username=lys, password=$2a$10$nt7jqTOrILGW8UNBeIagvuU5sQE2rr6RURaFKMsPoaX3t9iQQPSUi)
2021-11-28 01:12:42.031  INFO 17038 --- [main] f.l.b.service.UserDetailsServiceImpl     : JwtUser(id=1, username=lys, password=$2a$10$nt7jqTOrILGW8UNBeIagvuU5sQE2rr6RURaFKMsPoaX3t9iQQPSUi)
2021-11-28 01:12:42.120  INFO 17038 --- [main] f.l.b.service.UserDetailsServiceImpl     : JwtUser(id=1, username=lys, password=$2a$10$nt7jqTOrILGW8UNBeIagvuU5sQE2rr6RURaFKMsPoaX3t9iQQPSUi)
2021-11-28 01:12:42.207  INFO 17038 --- [main] f.l.b.service.UserDetailsServiceImpl     : JwtUser(id=1, username=lys, password=$2a$10$nt7jqTOrILGW8UNBeIagvuU5sQE2rr6RURaFKMsPoaX3t9iQQPSUi)
2021-11-28 01:12:42.294  INFO 17038 --- [main] f.l.b.service.UserDetailsServiceImpl     : JwtUser(id=1, username=lys, password=$2a$10$nt7jqTOrILGW8UNBeIagvuU5sQE2rr6RURaFKMsPoaX3t9iQQPSUi)
2021-11-28 01:12:42.381  INFO 17038 --- [main] f.l.b.service.UserDetailsServiceImpl     : JwtUser(id=1, username=lys, password=$2a$10$nt7jqTOrILGW8UNBeIagvuU5sQE2rr6RURaFKMsPoaX3t9iQQPSUi)
2021-11-28 01:12:42.469  INFO 17038 --- [main] f.l.b.service.UserDetailsServiceImpl     : JwtUser(id=1, username=lys, password=$2a$10$nt7jqTOrILGW8UNBeIagvuU5sQE2rr6RURaFKMsPoaX3t9iQQPSUi)
2021-11-28 01:12:42.560  INFO 17038 --- [main] f.l.b.service.UserDetailsServiceImpl     : JwtUser(id=1, username=lys, password=$2a$10$nt7jqTOrILGW8UNBeIagvuU5sQE2rr6RURaFKMsPoaX3t9iQQPSUi)
2021-11-28 01:12:42.651  INFO 17038 --- [main] f.l.b.service.UserDetailsServiceImpl     : JwtUser(id=1, username=lys, password=$2a$10$nt7jqTOrILGW8UNBeIagvuU5sQE2rr6RURaFKMsPoaX3t9iQQPSUi)
2021-11-28 01:12:42.739  INFO 17038 --- [main] f.l.b.service.UserDetailsServiceImpl     : JwtUser(id=1, username=lys, password=$2a$10$nt7jqTOrILGW8UNBeIagvuU5sQE2rr6RURaFKMsPoaX3t9iQQPSUi)
2021-11-28 01:12:42.829  INFO 17038 --- [main] f.l.b.service.UserDetailsServiceImpl     : JwtUser(id=1, username=lys, password=$2a$10$nt7jqTOrILGW8UNBeIagvuU5sQE2rr6RURaFKMsPoaX3t9iQQPSUi)
2021-11-28 01:12:42.919  INFO 17038 --- [main] f.l.b.service.UserDetailsServiceImpl     : JwtUser(id=1, username=lys, password=$2a$10$nt7jqTOrILGW8UNBeIagvuU5sQE2rr6RURaFKMsPoaX3t9iQQPSUi)
2021-11-28 01:12:43.007  INFO 17038 --- [main] f.l.b.service.UserDetailsServiceImpl     : JwtUser(id=1, username=lys, password=$2a$10$nt7jqTOrILGW8UNBeIagvuU5sQE2rr6RURaFKMsPoaX3t9iQQPSUi)
2021-11-28 01:12:43.096  INFO 17038 --- [main] f.l.b.service.UserDetailsServiceImpl     : JwtUser(id=1, username=lys, password=$2a$10$nt7jqTOrILGW8UNBeIagvuU5sQE2rr6RURaFKMsPoaX3t9iQQPSUi)
2021-11-28 01:12:43.189  INFO 17038 --- [main] f.l.b.service.UserDetailsServiceImpl     : JwtUser(id=1, username=lys, password=$2a$10$nt7jqTOrILGW8UNBeIagvuU5sQE2rr6RURaFKMsPoaX3t9iQQPSUi)
2021-11-28 01:12:43.279  INFO 17038 --- [main] f.l.b.service.UserDetailsServiceImpl     : JwtUser(id=1, username=lys, password=$2a$10$nt7jqTOrILGW8UNBeIagvuU5sQE2rr6RURaFKMsPoaX3t9iQQPSUi)
2021-11-28 01:12:43.366  INFO 17038 --- [main] f.l.b.service.UserDetailsServiceImpl     : JwtUser(id=1, username=lys, password=$2a$10$nt7jqTOrILGW8UNBeIagvuU5sQE2rr6RURaFKMsPoaX3t9iQQPSUi)
2021-11-28 01:12:43.454  INFO 17038 --- [main] f.l.b.service.UserDetailsServiceImpl     : JwtUser(id=1, username=lys, password=$2a$10$nt7jqTOrILGW8UNBeIagvuU5sQE2rr6RURaFKMsPoaX3t9iQQPSUi)
2021-11-28 01:12:43.540  INFO 17038 --- [main] f.l.b.service.UserDetailsServiceImpl     : JwtUser(id=1, username=lys, password=$2a$10$nt7jqTOrILGW8UNBeIagvuU5sQE2rr6RURaFKMsPoaX3t9iQQPSUi)
2021-11-28 01:12:43.627  INFO 17038 --- [main] f.l.b.service.UserDetailsServiceImpl     : JwtUser(id=1, username=lys, password=$2a$10$nt7jqTOrILGW8UNBeIagvuU5sQE2rr6RURaFKMsPoaX3t9iQQPSUi)
2021-11-28 01:12:43.714  INFO 17038 --- [main] f.l.b.service.UserDetailsServiceImpl     : JwtUser(id=1, username=lys, password=$2a$10$nt7jqTOrILGW8UNBeIagvuU5sQE2rr6RURaFKMsPoaX3t9iQQPSUi)
2021-11-28 01:12:43.802  INFO 17038 --- [main] f.l.b.service.UserDetailsServiceImpl     : JwtUser(id=1, username=lys, password=$2a$10$nt7jqTOrILGW8UNBeIagvuU5sQE2rr6RURaFKMsPoaX3t9iQQPSUi)
2021-11-28 01:12:43.889  INFO 17038 --- [main] f.l.b.service.UserDetailsServiceImpl     : JwtUser(id=1, username=lys, password=$2a$10$nt7jqTOrILGW8UNBeIagvuU5sQE2rr6RURaFKMsPoaX3t9iQQPSUi)
2021-11-28 01:12:43.976  INFO 17038 --- [main] f.l.b.service.UserDetailsServiceImpl     : JwtUser(id=1, username=lys, password=$2a$10$nt7jqTOrILGW8UNBeIagvuU5sQE2rr6RURaFKMsPoaX3t9iQQPSUi)
2021-11-28 01:12:44.063  INFO 17038 --- [main] f.l.b.service.UserDetailsServiceImpl     : JwtUser(id=1, username=lys, password=$2a$10$nt7jqTOrILGW8UNBeIagvuU5sQE2rr6RURaFKMsPoaX3t9iQQPSUi)
2021-11-28 01:12:44.148  INFO 17038 --- [SpringApplicationShutdownHook] com.zaxxer.hikari.HikariDataSource       : HikariPool-1 - Shutdown initiated...
2021-11-28 01:12:44.183  INFO 17038 --- [SpringApplicationShutdownHook] com.zaxxer.hikari.HikariDataSource       : HikariPool-1 - Shutdown completed.
